ERROR - 2024-01-01 15:15:57 --> mysqli_sql_exception: Column 'nim' cannot be null in /home2/bamswpmy/api.bamswp.my.id/akademik/system/Database/MySQLi/Connection.php:295
Stack trace:
#0 /home2/bamswpmy/api.bamswp.my.id/akademik/system/Database/MySQLi/Connection.php(295): mysqli->query('INSERT INTO `ma...', 0)
#1 /home2/bamswpmy/api.bamswp.my.id/akademik/system/Database/BaseConnection.php(691): CodeIgniter\Database\MySQLi\Connection->execute('INSERT INTO `ma...')
#2 /home2/bamswpmy/api.bamswp.my.id/akademik/system/Database/BaseConnection.php(605): CodeIgniter\Database\BaseConnection->simpleQuery('INSERT INTO `ma...')
#3 /home2/bamswpmy/api.bamswp.my.id/akademik/system/Database/BaseBuilder.php(2309): CodeIgniter\Database\BaseConnection->query('INSERT INTO `ma...', Array, false)
#4 /home2/bamswpmy/api.bamswp.my.id/akademik/system/Model.php(330): CodeIgniter\Database\BaseBuilder->insert()
#5 /home2/bamswpmy/api.bamswp.my.id/akademik/system/BaseModel.php(782): CodeIgniter\Model->doInsert(Array)
#6 /home2/bamswpmy/api.bamswp.my.id/akademik/system/Model.php(730): CodeIgniter\BaseModel->insert(Array, true)
#7 /home2/bamswpmy/api.bamswp.my.id/akademik/app/Controllers/Mahasiswa.php(51): CodeIgniter\Model->insert(Array)
#8 /home2/bamswpmy/api.bamswp.my.id/akademik/system/CodeIgniter.php(934): App\Controllers\Mahasiswa->create()
#9 /home2/bamswpmy/api.bamswp.my.id/akademik/system/CodeIgniter.php(499): CodeIgniter\CodeIgniter->runController(Object(App\Controllers\Mahasiswa))
#10 /home2/bamswpmy/api.bamswp.my.id/akademik/system/CodeIgniter.php(368): CodeIgniter\CodeIgniter->handleRequest(NULL, Object(Config\Cache), false)
#11 /home2/bamswpmy/api.bamswp.my.id/akademik/index.php(67): CodeIgniter\CodeIgniter->run()
#12 {main}
ERROR - 2024-01-01 15:22:51 --> mysqli_sql_exception: Column 'nim' cannot be null in /home2/bamswpmy/api.bamswp.my.id/akademik/system/Database/MySQLi/Connection.php:295
Stack trace:
#0 /home2/bamswpmy/api.bamswp.my.id/akademik/system/Database/MySQLi/Connection.php(295): mysqli->query('INSERT INTO `ma...', 0)
#1 /home2/bamswpmy/api.bamswp.my.id/akademik/system/Database/BaseConnection.php(691): CodeIgniter\Database\MySQLi\Connection->execute('INSERT INTO `ma...')
#2 /home2/bamswpmy/api.bamswp.my.id/akademik/system/Database/BaseConnection.php(605): CodeIgniter\Database\BaseConnection->simpleQuery('INSERT INTO `ma...')
#3 /home2/bamswpmy/api.bamswp.my.id/akademik/system/Database/BaseBuilder.php(2309): CodeIgniter\Database\BaseConnection->query('INSERT INTO `ma...', Array, false)
#4 /home2/bamswpmy/api.bamswp.my.id/akademik/system/Model.php(330): CodeIgniter\Database\BaseBuilder->insert()
#5 /home2/bamswpmy/api.bamswp.my.id/akademik/system/BaseModel.php(782): CodeIgniter\Model->doInsert(Array)
#6 /home2/bamswpmy/api.bamswp.my.id/akademik/system/Model.php(730): CodeIgniter\BaseModel->insert(Array, true)
#7 /home2/bamswpmy/api.bamswp.my.id/akademik/app/Controllers/Mahasiswa.php(51): CodeIgniter\Model->insert(Array)
#8 /home2/bamswpmy/api.bamswp.my.id/akademik/system/CodeIgniter.php(934): App\Controllers\Mahasiswa->create()
#9 /home2/bamswpmy/api.bamswp.my.id/akademik/system/CodeIgniter.php(499): CodeIgniter\CodeIgniter->runController(Object(App\Controllers\Mahasiswa))
#10 /home2/bamswpmy/api.bamswp.my.id/akademik/system/CodeIgniter.php(368): CodeIgniter\CodeIgniter->handleRequest(NULL, Object(Config\Cache), false)
#11 /home2/bamswpmy/api.bamswp.my.id/akademik/index.php(67): CodeIgniter\CodeIgniter->run()
#12 {main}
ERROR - 2024-01-01 15:23:41 --> mysqli_sql_exception: Column 'nim' cannot be null in /home2/bamswpmy/api.bamswp.my.id/akademik/system/Database/MySQLi/Connection.php:295
Stack trace:
#0 /home2/bamswpmy/api.bamswp.my.id/akademik/system/Database/MySQLi/Connection.php(295): mysqli->query('INSERT INTO `ma...', 0)
#1 /home2/bamswpmy/api.bamswp.my.id/akademik/system/Database/BaseConnection.php(691): CodeIgniter\Database\MySQLi\Connection->execute('INSERT INTO `ma...')
#2 /home2/bamswpmy/api.bamswp.my.id/akademik/system/Database/BaseConnection.php(605): CodeIgniter\Database\BaseConnection->simpleQuery('INSERT INTO `ma...')
#3 /home2/bamswpmy/api.bamswp.my.id/akademik/system/Database/BaseBuilder.php(2309): CodeIgniter\Database\BaseConnection->query('INSERT INTO `ma...', Array, false)
#4 /home2/bamswpmy/api.bamswp.my.id/akademik/system/Model.php(330): CodeIgniter\Database\BaseBuilder->insert()
#5 /home2/bamswpmy/api.bamswp.my.id/akademik/system/BaseModel.php(782): CodeIgniter\Model->doInsert(Array)
#6 /home2/bamswpmy/api.bamswp.my.id/akademik/system/Model.php(730): CodeIgniter\BaseModel->insert(Array, true)
#7 /home2/bamswpmy/api.bamswp.my.id/akademik/app/Controllers/Mahasiswa.php(51): CodeIgniter\Model->insert(Array)
#8 /home2/bamswpmy/api.bamswp.my.id/akademik/system/CodeIgniter.php(934): App\Controllers\Mahasiswa->create()
#9 /home2/bamswpmy/api.bamswp.my.id/akademik/system/CodeIgniter.php(499): CodeIgniter\CodeIgniter->runController(Object(App\Controllers\Mahasiswa))
#10 /home2/bamswpmy/api.bamswp.my.id/akademik/system/CodeIgniter.php(368): CodeIgniter\CodeIgniter->handleRequest(NULL, Object(Config\Cache), false)
#11 /home2/bamswpmy/api.bamswp.my.id/akademik/index.php(67): CodeIgniter\CodeIgniter->run()
#12 {main}
ERROR - 2024-01-01 15:45:22 --> mysqli_sql_exception: Column 'nim' cannot be null in /home2/bamswpmy/api.bamswp.my.id/akademik/system/Database/MySQLi/Connection.php:295
Stack trace:
#0 /home2/bamswpmy/api.bamswp.my.id/akademik/system/Database/MySQLi/Connection.php(295): mysqli->query('INSERT INTO `ma...', 0)
#1 /home2/bamswpmy/api.bamswp.my.id/akademik/system/Database/BaseConnection.php(691): CodeIgniter\Database\MySQLi\Connection->execute('INSERT INTO `ma...')
#2 /home2/bamswpmy/api.bamswp.my.id/akademik/system/Database/BaseConnection.php(605): CodeIgniter\Database\BaseConnection->simpleQuery('INSERT INTO `ma...')
#3 /home2/bamswpmy/api.bamswp.my.id/akademik/system/Database/BaseBuilder.php(2309): CodeIgniter\Database\BaseConnection->query('INSERT INTO `ma...', Array, false)
#4 /home2/bamswpmy/api.bamswp.my.id/akademik/system/Model.php(330): CodeIgniter\Database\BaseBuilder->insert()
#5 /home2/bamswpmy/api.bamswp.my.id/akademik/system/BaseModel.php(782): CodeIgniter\Model->doInsert(Array)
#6 /home2/bamswpmy/api.bamswp.my.id/akademik/system/Model.php(730): CodeIgniter\BaseModel->insert(Array, true)
#7 /home2/bamswpmy/api.bamswp.my.id/akademik/app/Controllers/Mahasiswa.php(51): CodeIgniter\Model->insert(Array)
#8 /home2/bamswpmy/api.bamswp.my.id/akademik/system/CodeIgniter.php(934): App\Controllers\Mahasiswa->create()
#9 /home2/bamswpmy/api.bamswp.my.id/akademik/system/CodeIgniter.php(499): CodeIgniter\CodeIgniter->runController(Object(App\Controllers\Mahasiswa))
#10 /home2/bamswpmy/api.bamswp.my.id/akademik/system/CodeIgniter.php(368): CodeIgniter\CodeIgniter->handleRequest(NULL, Object(Config\Cache), false)
#11 /home2/bamswpmy/api.bamswp.my.id/akademik/index.php(67): CodeIgniter\CodeIgniter->run()
#12 {main}
ERROR - 2024-01-01 15:46:18 --> mysqli_sql_exception: Column 'nim' cannot be null in /home2/bamswpmy/api.bamswp.my.id/akademik/system/Database/MySQLi/Connection.php:295
Stack trace:
#0 /home2/bamswpmy/api.bamswp.my.id/akademik/system/Database/MySQLi/Connection.php(295): mysqli->query('INSERT INTO `ma...', 0)
#1 /home2/bamswpmy/api.bamswp.my.id/akademik/system/Database/BaseConnection.php(691): CodeIgniter\Database\MySQLi\Connection->execute('INSERT INTO `ma...')
#2 /home2/bamswpmy/api.bamswp.my.id/akademik/system/Database/BaseConnection.php(605): CodeIgniter\Database\BaseConnection->simpleQuery('INSERT INTO `ma...')
#3 /home2/bamswpmy/api.bamswp.my.id/akademik/system/Database/BaseBuilder.php(2309): CodeIgniter\Database\BaseConnection->query('INSERT INTO `ma...', Array, false)
#4 /home2/bamswpmy/api.bamswp.my.id/akademik/system/Model.php(330): CodeIgniter\Database\BaseBuilder->insert()
#5 /home2/bamswpmy/api.bamswp.my.id/akademik/system/BaseModel.php(782): CodeIgniter\Model->doInsert(Array)
#6 /home2/bamswpmy/api.bamswp.my.id/akademik/system/Model.php(730): CodeIgniter\BaseModel->insert(Array, true)
#7 /home2/bamswpmy/api.bamswp.my.id/akademik/app/Controllers/Mahasiswa.php(51): CodeIgniter\Model->insert(Array)
#8 /home2/bamswpmy/api.bamswp.my.id/akademik/system/CodeIgniter.php(934): App\Controllers\Mahasiswa->create()
#9 /home2/bamswpmy/api.bamswp.my.id/akademik/system/CodeIgniter.php(499): CodeIgniter\CodeIgniter->runController(Object(App\Controllers\Mahasiswa))
#10 /home2/bamswpmy/api.bamswp.my.id/akademik/system/CodeIgniter.php(368): CodeIgniter\CodeIgniter->handleRequest(NULL, Object(Config\Cache), false)
#11 /home2/bamswpmy/api.bamswp.my.id/akademik/index.php(67): CodeIgniter\CodeIgniter->run()
#12 {main}
ERROR - 2024-01-01 15:47:19 --> mysqli_sql_exception: Column 'nim' cannot be null in /home2/bamswpmy/api.bamswp.my.id/akademik/system/Database/MySQLi/Connection.php:295
Stack trace:
#0 /home2/bamswpmy/api.bamswp.my.id/akademik/system/Database/MySQLi/Connection.php(295): mysqli->query('INSERT INTO `ma...', 0)
#1 /home2/bamswpmy/api.bamswp.my.id/akademik/system/Database/BaseConnection.php(691): CodeIgniter\Database\MySQLi\Connection->execute('INSERT INTO `ma...')
#2 /home2/bamswpmy/api.bamswp.my.id/akademik/system/Database/BaseConnection.php(605): CodeIgniter\Database\BaseConnection->simpleQuery('INSERT INTO `ma...')
#3 /home2/bamswpmy/api.bamswp.my.id/akademik/system/Database/BaseBuilder.php(2309): CodeIgniter\Database\BaseConnection->query('INSERT INTO `ma...', Array, false)
#4 /home2/bamswpmy/api.bamswp.my.id/akademik/system/Model.php(330): CodeIgniter\Database\BaseBuilder->insert()
#5 /home2/bamswpmy/api.bamswp.my.id/akademik/system/BaseModel.php(782): CodeIgniter\Model->doInsert(Array)
#6 /home2/bamswpmy/api.bamswp.my.id/akademik/system/Model.php(730): CodeIgniter\BaseModel->insert(Array, true)
#7 /home2/bamswpmy/api.bamswp.my.id/akademik/app/Controllers/Mahasiswa.php(51): CodeIgniter\Model->insert(Array)
#8 /home2/bamswpmy/api.bamswp.my.id/akademik/system/CodeIgniter.php(934): App\Controllers\Mahasiswa->create()
#9 /home2/bamswpmy/api.bamswp.my.id/akademik/system/CodeIgniter.php(499): CodeIgniter\CodeIgniter->runController(Object(App\Controllers\Mahasiswa))
#10 /home2/bamswpmy/api.bamswp.my.id/akademik/system/CodeIgniter.php(368): CodeIgniter\CodeIgniter->handleRequest(NULL, Object(Config\Cache), false)
#11 /home2/bamswpmy/api.bamswp.my.id/akademik/index.php(67): CodeIgniter\CodeIgniter->run()
#12 {main}
ERROR - 2024-01-01 15:49:01 --> mysqli_sql_exception: Column 'nim' cannot be null in /home2/bamswpmy/api.bamswp.my.id/akademik/system/Database/MySQLi/Connection.php:295
Stack trace:
#0 /home2/bamswpmy/api.bamswp.my.id/akademik/system/Database/MySQLi/Connection.php(295): mysqli->query('INSERT INTO `ma...', 0)
#1 /home2/bamswpmy/api.bamswp.my.id/akademik/system/Database/BaseConnection.php(691): CodeIgniter\Database\MySQLi\Connection->execute('INSERT INTO `ma...')
#2 /home2/bamswpmy/api.bamswp.my.id/akademik/system/Database/BaseConnection.php(605): CodeIgniter\Database\BaseConnection->simpleQuery('INSERT INTO `ma...')
#3 /home2/bamswpmy/api.bamswp.my.id/akademik/system/Database/BaseBuilder.php(2309): CodeIgniter\Database\BaseConnection->query('INSERT INTO `ma...', Array, false)
#4 /home2/bamswpmy/api.bamswp.my.id/akademik/system/Model.php(330): CodeIgniter\Database\BaseBuilder->insert()
#5 /home2/bamswpmy/api.bamswp.my.id/akademik/system/BaseModel.php(782): CodeIgniter\Model->doInsert(Array)
#6 /home2/bamswpmy/api.bamswp.my.id/akademik/system/Model.php(730): CodeIgniter\BaseModel->insert(Array, true)
#7 /home2/bamswpmy/api.bamswp.my.id/akademik/app/Controllers/Mahasiswa.php(51): CodeIgniter\Model->insert(Array)
#8 /home2/bamswpmy/api.bamswp.my.id/akademik/system/CodeIgniter.php(934): App\Controllers\Mahasiswa->create()
#9 /home2/bamswpmy/api.bamswp.my.id/akademik/system/CodeIgniter.php(499): CodeIgniter\CodeIgniter->runController(Object(App\Controllers\Mahasiswa))
#10 /home2/bamswpmy/api.bamswp.my.id/akademik/system/CodeIgniter.php(368): CodeIgniter\CodeIgniter->handleRequest(NULL, Object(Config\Cache), false)
#11 /home2/bamswpmy/api.bamswp.my.id/akademik/index.php(67): CodeIgniter\CodeIgniter->run()
#12 {main}
ERROR - 2024-01-01 15:53:24 --> mysqli_sql_exception: Column 'nim' cannot be null in /home2/bamswpmy/api.bamswp.my.id/akademik/system/Database/MySQLi/Connection.php:295
Stack trace:
#0 /home2/bamswpmy/api.bamswp.my.id/akademik/system/Database/MySQLi/Connection.php(295): mysqli->query('INSERT INTO `ma...', 0)
#1 /home2/bamswpmy/api.bamswp.my.id/akademik/system/Database/BaseConnection.php(691): CodeIgniter\Database\MySQLi\Connection->execute('INSERT INTO `ma...')
#2 /home2/bamswpmy/api.bamswp.my.id/akademik/system/Database/BaseConnection.php(605): CodeIgniter\Database\BaseConnection->simpleQuery('INSERT INTO `ma...')
#3 /home2/bamswpmy/api.bamswp.my.id/akademik/system/Database/BaseBuilder.php(2309): CodeIgniter\Database\BaseConnection->query('INSERT INTO `ma...', Array, false)
#4 /home2/bamswpmy/api.bamswp.my.id/akademik/system/Model.php(330): CodeIgniter\Database\BaseBuilder->insert()
#5 /home2/bamswpmy/api.bamswp.my.id/akademik/system/BaseModel.php(782): CodeIgniter\Model->doInsert(Array)
#6 /home2/bamswpmy/api.bamswp.my.id/akademik/system/Model.php(730): CodeIgniter\BaseModel->insert(Array, true)
#7 /home2/bamswpmy/api.bamswp.my.id/akademik/app/Controllers/Mahasiswa.php(51): CodeIgniter\Model->insert(Array)
#8 /home2/bamswpmy/api.bamswp.my.id/akademik/system/CodeIgniter.php(934): App\Controllers\Mahasiswa->create()
#9 /home2/bamswpmy/api.bamswp.my.id/akademik/system/CodeIgniter.php(499): CodeIgniter\CodeIgniter->runController(Object(App\Controllers\Mahasiswa))
#10 /home2/bamswpmy/api.bamswp.my.id/akademik/system/CodeIgniter.php(368): CodeIgniter\CodeIgniter->handleRequest(NULL, Object(Config\Cache), false)
#11 /home2/bamswpmy/api.bamswp.my.id/akademik/index.php(67): CodeIgniter\CodeIgniter->run()
#12 {main}
ERROR - 2024-01-01 15:56:11 --> mysqli_sql_exception: Column 'nim' cannot be null in /home2/bamswpmy/api.bamswp.my.id/akademik/system/Database/MySQLi/Connection.php:295
Stack trace:
#0 /home2/bamswpmy/api.bamswp.my.id/akademik/system/Database/MySQLi/Connection.php(295): mysqli->query('INSERT INTO `ma...', 0)
#1 /home2/bamswpmy/api.bamswp.my.id/akademik/system/Database/BaseConnection.php(691): CodeIgniter\Database\MySQLi\Connection->execute('INSERT INTO `ma...')
#2 /home2/bamswpmy/api.bamswp.my.id/akademik/system/Database/BaseConnection.php(605): CodeIgniter\Database\BaseConnection->simpleQuery('INSERT INTO `ma...')
#3 /home2/bamswpmy/api.bamswp.my.id/akademik/system/Database/BaseBuilder.php(2309): CodeIgniter\Database\BaseConnection->query('INSERT INTO `ma...', Array, false)
#4 /home2/bamswpmy/api.bamswp.my.id/akademik/system/Model.php(330): CodeIgniter\Database\BaseBuilder->insert()
#5 /home2/bamswpmy/api.bamswp.my.id/akademik/system/BaseModel.php(782): CodeIgniter\Model->doInsert(Array)
#6 /home2/bamswpmy/api.bamswp.my.id/akademik/system/Model.php(730): CodeIgniter\BaseModel->insert(Array, true)
#7 /home2/bamswpmy/api.bamswp.my.id/akademik/app/Controllers/Mahasiswa.php(51): CodeIgniter\Model->insert(Array)
#8 /home2/bamswpmy/api.bamswp.my.id/akademik/system/CodeIgniter.php(934): App\Controllers\Mahasiswa->create()
#9 /home2/bamswpmy/api.bamswp.my.id/akademik/system/CodeIgniter.php(499): CodeIgniter\CodeIgniter->runController(Object(App\Controllers\Mahasiswa))
#10 /home2/bamswpmy/api.bamswp.my.id/akademik/system/CodeIgniter.php(368): CodeIgniter\CodeIgniter->handleRequest(NULL, Object(Config\Cache), false)
#11 /home2/bamswpmy/api.bamswp.my.id/akademik/index.php(67): CodeIgniter\CodeIgniter->run()
#12 {main}
ERROR - 2024-01-01 16:06:21 --> mysqli_sql_exception: Column 'nim' cannot be null in /home2/bamswpmy/api.bamswp.my.id/akademik/system/Database/MySQLi/Connection.php:295
Stack trace:
#0 /home2/bamswpmy/api.bamswp.my.id/akademik/system/Database/MySQLi/Connection.php(295): mysqli->query('INSERT INTO `ma...', 0)
#1 /home2/bamswpmy/api.bamswp.my.id/akademik/system/Database/BaseConnection.php(691): CodeIgniter\Database\MySQLi\Connection->execute('INSERT INTO `ma...')
#2 /home2/bamswpmy/api.bamswp.my.id/akademik/system/Database/BaseConnection.php(605): CodeIgniter\Database\BaseConnection->simpleQuery('INSERT INTO `ma...')
#3 /home2/bamswpmy/api.bamswp.my.id/akademik/system/Database/BaseBuilder.php(2309): CodeIgniter\Database\BaseConnection->query('INSERT INTO `ma...', Array, false)
#4 /home2/bamswpmy/api.bamswp.my.id/akademik/system/Model.php(330): CodeIgniter\Database\BaseBuilder->insert()
#5 /home2/bamswpmy/api.bamswp.my.id/akademik/system/BaseModel.php(782): CodeIgniter\Model->doInsert(Array)
#6 /home2/bamswpmy/api.bamswp.my.id/akademik/system/Model.php(730): CodeIgniter\BaseModel->insert(Array, true)
#7 /home2/bamswpmy/api.bamswp.my.id/akademik/app/Controllers/Mahasiswa.php(51): CodeIgniter\Model->insert(Array)
#8 /home2/bamswpmy/api.bamswp.my.id/akademik/system/CodeIgniter.php(934): App\Controllers\Mahasiswa->create()
#9 /home2/bamswpmy/api.bamswp.my.id/akademik/system/CodeIgniter.php(499): CodeIgniter\CodeIgniter->runController(Object(App\Controllers\Mahasiswa))
#10 /home2/bamswpmy/api.bamswp.my.id/akademik/system/CodeIgniter.php(368): CodeIgniter\CodeIgniter->handleRequest(NULL, Object(Config\Cache), false)
#11 /home2/bamswpmy/api.bamswp.my.id/akademik/index.php(67): CodeIgniter\CodeIgniter->run()
#12 {main}
ERROR - 2024-01-01 16:13:16 --> mysqli_sql_exception: Column 'nim' cannot be null in /home2/bamswpmy/api.bamswp.my.id/akademik/system/Database/MySQLi/Connection.php:295
Stack trace:
#0 /home2/bamswpmy/api.bamswp.my.id/akademik/system/Database/MySQLi/Connection.php(295): mysqli->query('INSERT INTO `ma...', 0)
#1 /home2/bamswpmy/api.bamswp.my.id/akademik/system/Database/BaseConnection.php(691): CodeIgniter\Database\MySQLi\Connection->execute('INSERT INTO `ma...')
#2 /home2/bamswpmy/api.bamswp.my.id/akademik/system/Database/BaseConnection.php(605): CodeIgniter\Database\BaseConnection->simpleQuery('INSERT INTO `ma...')
#3 /home2/bamswpmy/api.bamswp.my.id/akademik/system/Database/BaseBuilder.php(2309): CodeIgniter\Database\BaseConnection->query('INSERT INTO `ma...', Array, false)
#4 /home2/bamswpmy/api.bamswp.my.id/akademik/system/Model.php(330): CodeIgniter\Database\BaseBuilder->insert()
#5 /home2/bamswpmy/api.bamswp.my.id/akademik/system/BaseModel.php(782): CodeIgniter\Model->doInsert(Array)
#6 /home2/bamswpmy/api.bamswp.my.id/akademik/system/Model.php(730): CodeIgniter\BaseModel->insert(Array, true)
#7 /home2/bamswpmy/api.bamswp.my.id/akademik/app/Controllers/Mahasiswa.php(51): CodeIgniter\Model->insert(Array)
#8 /home2/bamswpmy/api.bamswp.my.id/akademik/system/CodeIgniter.php(934): App\Controllers\Mahasiswa->create()
#9 /home2/bamswpmy/api.bamswp.my.id/akademik/system/CodeIgniter.php(499): CodeIgniter\CodeIgniter->runController(Object(App\Controllers\Mahasiswa))
#10 /home2/bamswpmy/api.bamswp.my.id/akademik/system/CodeIgniter.php(368): CodeIgniter\CodeIgniter->handleRequest(NULL, Object(Config\Cache), false)
#11 /home2/bamswpmy/api.bamswp.my.id/akademik/index.php(67): CodeIgniter\CodeIgniter->run()
#12 {main}
ERROR - 2024-01-01 16:15:06 --> mysqli_sql_exception: Column 'nim' cannot be null in /home2/bamswpmy/api.bamswp.my.id/akademik/system/Database/MySQLi/Connection.php:295
Stack trace:
#0 /home2/bamswpmy/api.bamswp.my.id/akademik/system/Database/MySQLi/Connection.php(295): mysqli->query('INSERT INTO `ma...', 0)
#1 /home2/bamswpmy/api.bamswp.my.id/akademik/system/Database/BaseConnection.php(691): CodeIgniter\Database\MySQLi\Connection->execute('INSERT INTO `ma...')
#2 /home2/bamswpmy/api.bamswp.my.id/akademik/system/Database/BaseConnection.php(605): CodeIgniter\Database\BaseConnection->simpleQuery('INSERT INTO `ma...')
#3 /home2/bamswpmy/api.bamswp.my.id/akademik/system/Database/BaseBuilder.php(2309): CodeIgniter\Database\BaseConnection->query('INSERT INTO `ma...', Array, false)
#4 /home2/bamswpmy/api.bamswp.my.id/akademik/system/Model.php(330): CodeIgniter\Database\BaseBuilder->insert()
#5 /home2/bamswpmy/api.bamswp.my.id/akademik/system/BaseModel.php(782): CodeIgniter\Model->doInsert(Array)
#6 /home2/bamswpmy/api.bamswp.my.id/akademik/system/Model.php(730): CodeIgniter\BaseModel->insert(Array, true)
#7 /home2/bamswpmy/api.bamswp.my.id/akademik/app/Controllers/Mahasiswa.php(51): CodeIgniter\Model->insert(Array)
#8 /home2/bamswpmy/api.bamswp.my.id/akademik/system/CodeIgniter.php(934): App\Controllers\Mahasiswa->create()
#9 /home2/bamswpmy/api.bamswp.my.id/akademik/system/CodeIgniter.php(499): CodeIgniter\CodeIgniter->runController(Object(App\Controllers\Mahasiswa))
#10 /home2/bamswpmy/api.bamswp.my.id/akademik/system/CodeIgniter.php(368): CodeIgniter\CodeIgniter->handleRequest(NULL, Object(Config\Cache), false)
#11 /home2/bamswpmy/api.bamswp.my.id/akademik/index.php(67): CodeIgniter\CodeIgniter->run()
#12 {main}
ERROR - 2024-01-01 16:45:55 --> mysqli_sql_exception: Column 'nim' cannot be null in /home2/bamswpmy/api.bamswp.my.id/akademik/system/Database/MySQLi/Connection.php:295
Stack trace:
#0 /home2/bamswpmy/api.bamswp.my.id/akademik/system/Database/MySQLi/Connection.php(295): mysqli->query('INSERT INTO `ma...', 0)
#1 /home2/bamswpmy/api.bamswp.my.id/akademik/system/Database/BaseConnection.php(691): CodeIgniter\Database\MySQLi\Connection->execute('INSERT INTO `ma...')
#2 /home2/bamswpmy/api.bamswp.my.id/akademik/system/Database/BaseConnection.php(605): CodeIgniter\Database\BaseConnection->simpleQuery('INSERT INTO `ma...')
#3 /home2/bamswpmy/api.bamswp.my.id/akademik/system/Database/BaseBuilder.php(2309): CodeIgniter\Database\BaseConnection->query('INSERT INTO `ma...', Array, false)
#4 /home2/bamswpmy/api.bamswp.my.id/akademik/system/Model.php(330): CodeIgniter\Database\BaseBuilder->insert()
#5 /home2/bamswpmy/api.bamswp.my.id/akademik/system/BaseModel.php(782): CodeIgniter\Model->doInsert(Array)
#6 /home2/bamswpmy/api.bamswp.my.id/akademik/system/Model.php(730): CodeIgniter\BaseModel->insert(Array, true)
#7 /home2/bamswpmy/api.bamswp.my.id/akademik/app/Controllers/Mahasiswa.php(51): CodeIgniter\Model->insert(Array)
#8 /home2/bamswpmy/api.bamswp.my.id/akademik/system/CodeIgniter.php(934): App\Controllers\Mahasiswa->create()
#9 /home2/bamswpmy/api.bamswp.my.id/akademik/system/CodeIgniter.php(499): CodeIgniter\CodeIgniter->runController(Object(App\Controllers\Mahasiswa))
#10 /home2/bamswpmy/api.bamswp.my.id/akademik/system/CodeIgniter.php(368): CodeIgniter\CodeIgniter->handleRequest(NULL, Object(Config\Cache), false)
#11 /home2/bamswpmy/api.bamswp.my.id/akademik/index.php(67): CodeIgniter\CodeIgniter->run()
#12 {main}
ERROR - 2024-01-01 16:48:07 --> mysqli_sql_exception: Column 'nim' cannot be null in /home2/bamswpmy/api.bamswp.my.id/akademik/system/Database/MySQLi/Connection.php:295
Stack trace:
#0 /home2/bamswpmy/api.bamswp.my.id/akademik/system/Database/MySQLi/Connection.php(295): mysqli->query('INSERT INTO `ma...', 0)
#1 /home2/bamswpmy/api.bamswp.my.id/akademik/system/Database/BaseConnection.php(691): CodeIgniter\Database\MySQLi\Connection->execute('INSERT INTO `ma...')
#2 /home2/bamswpmy/api.bamswp.my.id/akademik/system/Database/BaseConnection.php(605): CodeIgniter\Database\BaseConnection->simpleQuery('INSERT INTO `ma...')
#3 /home2/bamswpmy/api.bamswp.my.id/akademik/system/Database/BaseBuilder.php(2309): CodeIgniter\Database\BaseConnection->query('INSERT INTO `ma...', Array, false)
#4 /home2/bamswpmy/api.bamswp.my.id/akademik/system/Model.php(330): CodeIgniter\Database\BaseBuilder->insert()
#5 /home2/bamswpmy/api.bamswp.my.id/akademik/system/BaseModel.php(782): CodeIgniter\Model->doInsert(Array)
#6 /home2/bamswpmy/api.bamswp.my.id/akademik/system/Model.php(730): CodeIgniter\BaseModel->insert(Array, true)
#7 /home2/bamswpmy/api.bamswp.my.id/akademik/app/Controllers/Mahasiswa.php(51): CodeIgniter\Model->insert(Array)
#8 /home2/bamswpmy/api.bamswp.my.id/akademik/system/CodeIgniter.php(934): App\Controllers\Mahasiswa->create()
#9 /home2/bamswpmy/api.bamswp.my.id/akademik/system/CodeIgniter.php(499): CodeIgniter\CodeIgniter->runController(Object(App\Controllers\Mahasiswa))
#10 /home2/bamswpmy/api.bamswp.my.id/akademik/system/CodeIgniter.php(368): CodeIgniter\CodeIgniter->handleRequest(NULL, Object(Config\Cache), false)
#11 /home2/bamswpmy/api.bamswp.my.id/akademik/index.php(67): CodeIgniter\CodeIgniter->run()
#12 {main}
ERROR - 2024-01-01 16:55:16 --> mysqli_sql_exception: Column 'nim' cannot be null in /home2/bamswpmy/api.bamswp.my.id/akademik/system/Database/MySQLi/Connection.php:295
Stack trace:
#0 /home2/bamswpmy/api.bamswp.my.id/akademik/system/Database/MySQLi/Connection.php(295): mysqli->query('INSERT INTO `ma...', 0)
#1 /home2/bamswpmy/api.bamswp.my.id/akademik/system/Database/BaseConnection.php(691): CodeIgniter\Database\MySQLi\Connection->execute('INSERT INTO `ma...')
#2 /home2/bamswpmy/api.bamswp.my.id/akademik/system/Database/BaseConnection.php(605): CodeIgniter\Database\BaseConnection->simpleQuery('INSERT INTO `ma...')
#3 /home2/bamswpmy/api.bamswp.my.id/akademik/system/Database/BaseBuilder.php(2309): CodeIgniter\Database\BaseConnection->query('INSERT INTO `ma...', Array, false)
#4 /home2/bamswpmy/api.bamswp.my.id/akademik/system/Model.php(330): CodeIgniter\Database\BaseBuilder->insert()
#5 /home2/bamswpmy/api.bamswp.my.id/akademik/system/BaseModel.php(782): CodeIgniter\Model->doInsert(Array)
#6 /home2/bamswpmy/api.bamswp.my.id/akademik/system/Model.php(730): CodeIgniter\BaseModel->insert(Array, true)
#7 /home2/bamswpmy/api.bamswp.my.id/akademik/app/Controllers/Mahasiswa.php(51): CodeIgniter\Model->insert(Array)
#8 /home2/bamswpmy/api.bamswp.my.id/akademik/system/CodeIgniter.php(934): App\Controllers\Mahasiswa->create()
#9 /home2/bamswpmy/api.bamswp.my.id/akademik/system/CodeIgniter.php(499): CodeIgniter\CodeIgniter->runController(Object(App\Controllers\Mahasiswa))
#10 /home2/bamswpmy/api.bamswp.my.id/akademik/system/CodeIgniter.php(368): CodeIgniter\CodeIgniter->handleRequest(NULL, Object(Config\Cache), false)
#11 /home2/bamswpmy/api.bamswp.my.id/akademik/index.php(67): CodeIgniter\CodeIgniter->run()
#12 {main}
ERROR - 2024-01-01 16:56:21 --> mysqli_sql_exception: Column 'nim' cannot be null in /home2/bamswpmy/api.bamswp.my.id/akademik/system/Database/MySQLi/Connection.php:295
Stack trace:
#0 /home2/bamswpmy/api.bamswp.my.id/akademik/system/Database/MySQLi/Connection.php(295): mysqli->query('INSERT INTO `ma...', 0)
#1 /home2/bamswpmy/api.bamswp.my.id/akademik/system/Database/BaseConnection.php(691): CodeIgniter\Database\MySQLi\Connection->execute('INSERT INTO `ma...')
#2 /home2/bamswpmy/api.bamswp.my.id/akademik/system/Database/BaseConnection.php(605): CodeIgniter\Database\BaseConnection->simpleQuery('INSERT INTO `ma...')
#3 /home2/bamswpmy/api.bamswp.my.id/akademik/system/Database/BaseBuilder.php(2309): CodeIgniter\Database\BaseConnection->query('INSERT INTO `ma...', Array, false)
#4 /home2/bamswpmy/api.bamswp.my.id/akademik/system/Model.php(330): CodeIgniter\Database\BaseBuilder->insert()
#5 /home2/bamswpmy/api.bamswp.my.id/akademik/system/BaseModel.php(782): CodeIgniter\Model->doInsert(Array)
#6 /home2/bamswpmy/api.bamswp.my.id/akademik/system/Model.php(730): CodeIgniter\BaseModel->insert(Array, true)
#7 /home2/bamswpmy/api.bamswp.my.id/akademik/app/Controllers/Mahasiswa.php(51): CodeIgniter\Model->insert(Array)
#8 /home2/bamswpmy/api.bamswp.my.id/akademik/system/CodeIgniter.php(934): App\Controllers\Mahasiswa->create()
#9 /home2/bamswpmy/api.bamswp.my.id/akademik/system/CodeIgniter.php(499): CodeIgniter\CodeIgniter->runController(Object(App\Controllers\Mahasiswa))
#10 /home2/bamswpmy/api.bamswp.my.id/akademik/system/CodeIgniter.php(368): CodeIgniter\CodeIgniter->handleRequest(NULL, Object(Config\Cache), false)
#11 /home2/bamswpmy/api.bamswp.my.id/akademik/index.php(67): CodeIgniter\CodeIgniter->run()
#12 {main}
ERROR - 2024-01-01 16:59:27 --> mysqli_sql_exception: Column 'nim' cannot be null in /home2/bamswpmy/api.bamswp.my.id/akademik/system/Database/MySQLi/Connection.php:295
Stack trace:
#0 /home2/bamswpmy/api.bamswp.my.id/akademik/system/Database/MySQLi/Connection.php(295): mysqli->query('INSERT INTO `ma...', 0)
#1 /home2/bamswpmy/api.bamswp.my.id/akademik/system/Database/BaseConnection.php(691): CodeIgniter\Database\MySQLi\Connection->execute('INSERT INTO `ma...')
#2 /home2/bamswpmy/api.bamswp.my.id/akademik/system/Database/BaseConnection.php(605): CodeIgniter\Database\BaseConnection->simpleQuery('INSERT INTO `ma...')
#3 /home2/bamswpmy/api.bamswp.my.id/akademik/system/Database/BaseBuilder.php(2309): CodeIgniter\Database\BaseConnection->query('INSERT INTO `ma...', Array, false)
#4 /home2/bamswpmy/api.bamswp.my.id/akademik/system/Model.php(330): CodeIgniter\Database\BaseBuilder->insert()
#5 /home2/bamswpmy/api.bamswp.my.id/akademik/system/BaseModel.php(782): CodeIgniter\Model->doInsert(Array)
#6 /home2/bamswpmy/api.bamswp.my.id/akademik/system/Model.php(730): CodeIgniter\BaseModel->insert(Array, true)
#7 /home2/bamswpmy/api.bamswp.my.id/akademik/app/Controllers/Mahasiswa.php(51): CodeIgniter\Model->insert(Array)
#8 /home2/bamswpmy/api.bamswp.my.id/akademik/system/CodeIgniter.php(934): App\Controllers\Mahasiswa->create()
#9 /home2/bamswpmy/api.bamswp.my.id/akademik/system/CodeIgniter.php(499): CodeIgniter\CodeIgniter->runController(Object(App\Controllers\Mahasiswa))
#10 /home2/bamswpmy/api.bamswp.my.id/akademik/system/CodeIgniter.php(368): CodeIgniter\CodeIgniter->handleRequest(NULL, Object(Config\Cache), false)
#11 /home2/bamswpmy/api.bamswp.my.id/akademik/index.php(67): CodeIgniter\CodeIgniter->run()
#12 {main}
