ERROR - 2025-10-13 02:59:37 --> Error connecting to the database: mysqli_sql_exception: Unknown database 'akademik' in D:\semester7\mobile\pertemuan2\OneDrive_1_10-13-2025\akademik\system\Database\MySQLi\Connection.php:173
Stack trace:
#0 D:\semester7\mobile\pertemuan2\OneDrive_1_10-13-2025\akademik\system\Database\MySQLi\Connection.php(173): mysqli->real_connect('p:localhost', 'root', Object(SensitiveParameterValue), 'akademik', 3306, '', 0)
#1 D:\semester7\mobile\pertemuan2\OneDrive_1_10-13-2025\akademik\system\Database\BaseConnection.php(391): CodeIgniter\Database\MySQLi\Connection->connect(true)
#2 D:\semester7\mobile\pertemuan2\OneDrive_1_10-13-2025\akademik\system\Database\BaseConnection.php(573): CodeIgniter\Database\BaseConnection->initialize()
#3 D:\semester7\mobile\pertemuan2\OneDrive_1_10-13-2025\akademik\system\Database\BaseConnection.php(1408): CodeIgniter\Database\BaseConnection->query('SHOW TABLES FRO...')
#4 D:\semester7\mobile\pertemuan2\OneDrive_1_10-13-2025\akademik\system\Database\BaseConnection.php(1427): CodeIgniter\Database\BaseConnection->listTables()
#5 D:\semester7\mobile\pertemuan2\OneDrive_1_10-13-2025\akademik\system\Database\MigrationRunner.php(768): CodeIgniter\Database\BaseConnection->tableExists('migrations')
#6 D:\semester7\mobile\pertemuan2\OneDrive_1_10-13-2025\akademik\system\Database\MigrationRunner.php(168): CodeIgniter\Database\MigrationRunner->ensureTable()
#7 D:\semester7\mobile\pertemuan2\OneDrive_1_10-13-2025\akademik\system\Commands\Database\Migrate.php(84): CodeIgniter\Database\MigrationRunner->latest(NULL)
#8 D:\semester7\mobile\pertemuan2\OneDrive_1_10-13-2025\akademik\system\CLI\Commands.php(65): CodeIgniter\Commands\Database\Migrate->run(Array)
#9 D:\semester7\mobile\pertemuan2\OneDrive_1_10-13-2025\akademik\system\CLI\Console.php(37): CodeIgniter\CLI\Commands->run('migrate', Array)
#10 D:\semester7\mobile\pertemuan2\OneDrive_1_10-13-2025\akademik\spark(97): CodeIgniter\CLI\Console->run()
#11 {main}

Next CodeIgniter\Database\Exceptions\DatabaseException: Unknown database 'akademik' in D:\semester7\mobile\pertemuan2\OneDrive_1_10-13-2025\akademik\system\Database\MySQLi\Connection.php:218
Stack trace:
#0 D:\semester7\mobile\pertemuan2\OneDrive_1_10-13-2025\akademik\system\Database\BaseConnection.php(391): CodeIgniter\Database\MySQLi\Connection->connect(true)
#1 D:\semester7\mobile\pertemuan2\OneDrive_1_10-13-2025\akademik\system\Database\BaseConnection.php(573): CodeIgniter\Database\BaseConnection->initialize()
#2 D:\semester7\mobile\pertemuan2\OneDrive_1_10-13-2025\akademik\system\Database\BaseConnection.php(1408): CodeIgniter\Database\BaseConnection->query('SHOW TABLES FRO...')
#3 D:\semester7\mobile\pertemuan2\OneDrive_1_10-13-2025\akademik\system\Database\BaseConnection.php(1427): CodeIgniter\Database\BaseConnection->listTables()
#4 D:\semester7\mobile\pertemuan2\OneDrive_1_10-13-2025\akademik\system\Database\MigrationRunner.php(768): CodeIgniter\Database\BaseConnection->tableExists('migrations')
#5 D:\semester7\mobile\pertemuan2\OneDrive_1_10-13-2025\akademik\system\Database\MigrationRunner.php(168): CodeIgniter\Database\MigrationRunner->ensureTable()
#6 D:\semester7\mobile\pertemuan2\OneDrive_1_10-13-2025\akademik\system\Commands\Database\Migrate.php(84): CodeIgniter\Database\MigrationRunner->latest(NULL)
#7 D:\semester7\mobile\pertemuan2\OneDrive_1_10-13-2025\akademik\system\CLI\Commands.php(65): CodeIgniter\Commands\Database\Migrate->run(Array)
#8 D:\semester7\mobile\pertemuan2\OneDrive_1_10-13-2025\akademik\system\CLI\Console.php(37): CodeIgniter\CLI\Commands->run('migrate', Array)
#9 D:\semester7\mobile\pertemuan2\OneDrive_1_10-13-2025\akademik\spark(97): CodeIgniter\CLI\Console->run()
#10 {main}
WARNING - 2025-10-13 03:01:45 --> [DEPRECATED] Creation of dynamic property App\Controllers\Mahasiswa::$mdl is deprecated in APPPATH\Controllers\Mahasiswa.php on line 17.
 1 SYSTEMPATH\CodeIgniter.php(906): App\Controllers\Mahasiswa->__construct()
 2 SYSTEMPATH\CodeIgniter.php(490): CodeIgniter\CodeIgniter->createController()
 3 SYSTEMPATH\CodeIgniter.php(368): CodeIgniter\CodeIgniter->handleRequest(null, Object(Config\Cache), false)
 4 FCPATH\index.php(67): CodeIgniter\CodeIgniter->run()
 5 SYSTEMPATH\Commands\Server\rewrite.php(47): require_once('D:\\semester7\\mobile\\pertemuan2\\OneDrive_1_10-13-2025\\akademik\\public\\index.php')
WARNING - 2025-10-13 03:01:45 --> [DEPRECATED] Creation of dynamic property App\Controllers\Mahasiswa::$validation is deprecated in APPPATH\Controllers\Mahasiswa.php on line 18.
 1 SYSTEMPATH\CodeIgniter.php(906): App\Controllers\Mahasiswa->__construct()
 2 SYSTEMPATH\CodeIgniter.php(490): CodeIgniter\CodeIgniter->createController()
 3 SYSTEMPATH\CodeIgniter.php(368): CodeIgniter\CodeIgniter->handleRequest(null, Object(Config\Cache), false)
 4 FCPATH\index.php(67): CodeIgniter\CodeIgniter->run()
 5 SYSTEMPATH\Commands\Server\rewrite.php(47): require_once('D:\\semester7\\mobile\\pertemuan2\\OneDrive_1_10-13-2025\\akademik\\public\\index.php')
WARNING - 2025-10-13 03:03:26 --> [DEPRECATED] Creation of dynamic property App\Controllers\Mahasiswa::$mdl is deprecated in APPPATH\Controllers\Mahasiswa.php on line 17.
 1 SYSTEMPATH\CodeIgniter.php(906): App\Controllers\Mahasiswa->__construct()
 2 SYSTEMPATH\CodeIgniter.php(490): CodeIgniter\CodeIgniter->createController()
 3 SYSTEMPATH\CodeIgniter.php(368): CodeIgniter\CodeIgniter->handleRequest(null, Object(Config\Cache), false)
 4 FCPATH\index.php(67): CodeIgniter\CodeIgniter->run()
 5 SYSTEMPATH\Commands\Server\rewrite.php(47): require_once('D:\\semester7\\mobile\\pertemuan2\\OneDrive_1_10-13-2025\\akademik\\public\\index.php')
WARNING - 2025-10-13 03:03:26 --> [DEPRECATED] Creation of dynamic property App\Controllers\Mahasiswa::$validation is deprecated in APPPATH\Controllers\Mahasiswa.php on line 18.
 1 SYSTEMPATH\CodeIgniter.php(906): App\Controllers\Mahasiswa->__construct()
 2 SYSTEMPATH\CodeIgniter.php(490): CodeIgniter\CodeIgniter->createController()
 3 SYSTEMPATH\CodeIgniter.php(368): CodeIgniter\CodeIgniter->handleRequest(null, Object(Config\Cache), false)
 4 FCPATH\index.php(67): CodeIgniter\CodeIgniter->run()
 5 SYSTEMPATH\Commands\Server\rewrite.php(47): require_once('D:\\semester7\\mobile\\pertemuan2\\OneDrive_1_10-13-2025\\akademik\\public\\index.php')
WARNING - 2025-10-13 03:03:26 --> [DEPRECATED] Creation of dynamic property App\Controllers\Mahasiswa::$mdl is deprecated in APPPATH\Controllers\Mahasiswa.php on line 17.
 1 SYSTEMPATH\CodeIgniter.php(906): App\Controllers\Mahasiswa->__construct()
 2 SYSTEMPATH\CodeIgniter.php(490): CodeIgniter\CodeIgniter->createController()
 3 SYSTEMPATH\CodeIgniter.php(368): CodeIgniter\CodeIgniter->handleRequest(null, Object(Config\Cache), false)
 4 FCPATH\index.php(67): CodeIgniter\CodeIgniter->run()
 5 SYSTEMPATH\Commands\Server\rewrite.php(47): require_once('D:\\semester7\\mobile\\pertemuan2\\OneDrive_1_10-13-2025\\akademik\\public\\index.php')
WARNING - 2025-10-13 03:03:26 --> [DEPRECATED] Creation of dynamic property App\Controllers\Mahasiswa::$validation is deprecated in APPPATH\Controllers\Mahasiswa.php on line 18.
 1 SYSTEMPATH\CodeIgniter.php(906): App\Controllers\Mahasiswa->__construct()
 2 SYSTEMPATH\CodeIgniter.php(490): CodeIgniter\CodeIgniter->createController()
 3 SYSTEMPATH\CodeIgniter.php(368): CodeIgniter\CodeIgniter->handleRequest(null, Object(Config\Cache), false)
 4 FCPATH\index.php(67): CodeIgniter\CodeIgniter->run()
 5 SYSTEMPATH\Commands\Server\rewrite.php(47): require_once('D:\\semester7\\mobile\\pertemuan2\\OneDrive_1_10-13-2025\\akademik\\public\\index.php')
WARNING - 2025-10-13 03:11:29 --> [DEPRECATED] Creation of dynamic property App\Controllers\Mahasiswa::$mdl is deprecated in APPPATH\Controllers\Mahasiswa.php on line 17.
 1 SYSTEMPATH\CodeIgniter.php(906): App\Controllers\Mahasiswa->__construct()
 2 SYSTEMPATH\CodeIgniter.php(490): CodeIgniter\CodeIgniter->createController()
 3 SYSTEMPATH\CodeIgniter.php(368): CodeIgniter\CodeIgniter->handleRequest(null, Object(Config\Cache), false)
 4 FCPATH\index.php(67): CodeIgniter\CodeIgniter->run()
 5 SYSTEMPATH\Commands\Server\rewrite.php(47): require_once('D:\\semester7\\mobile\\pertemuan2\\OneDrive_1_10-13-2025\\akademik\\public\\index.php')
WARNING - 2025-10-13 03:11:29 --> [DEPRECATED] Creation of dynamic property App\Controllers\Mahasiswa::$validation is deprecated in APPPATH\Controllers\Mahasiswa.php on line 18.
 1 SYSTEMPATH\CodeIgniter.php(906): App\Controllers\Mahasiswa->__construct()
 2 SYSTEMPATH\CodeIgniter.php(490): CodeIgniter\CodeIgniter->createController()
 3 SYSTEMPATH\CodeIgniter.php(368): CodeIgniter\CodeIgniter->handleRequest(null, Object(Config\Cache), false)
 4 FCPATH\index.php(67): CodeIgniter\CodeIgniter->run()
 5 SYSTEMPATH\Commands\Server\rewrite.php(47): require_once('D:\\semester7\\mobile\\pertemuan2\\OneDrive_1_10-13-2025\\akademik\\public\\index.php')
WARNING - 2025-10-13 03:11:33 --> [DEPRECATED] Creation of dynamic property App\Controllers\Mahasiswa::$mdl is deprecated in APPPATH\Controllers\Mahasiswa.php on line 17.
 1 SYSTEMPATH\CodeIgniter.php(906): App\Controllers\Mahasiswa->__construct()
 2 SYSTEMPATH\CodeIgniter.php(490): CodeIgniter\CodeIgniter->createController()
 3 SYSTEMPATH\CodeIgniter.php(368): CodeIgniter\CodeIgniter->handleRequest(null, Object(Config\Cache), false)
 4 FCPATH\index.php(67): CodeIgniter\CodeIgniter->run()
 5 SYSTEMPATH\Commands\Server\rewrite.php(47): require_once('D:\\semester7\\mobile\\pertemuan2\\OneDrive_1_10-13-2025\\akademik\\public\\index.php')
WARNING - 2025-10-13 03:11:33 --> [DEPRECATED] Creation of dynamic property App\Controllers\Mahasiswa::$validation is deprecated in APPPATH\Controllers\Mahasiswa.php on line 18.
 1 SYSTEMPATH\CodeIgniter.php(906): App\Controllers\Mahasiswa->__construct()
 2 SYSTEMPATH\CodeIgniter.php(490): CodeIgniter\CodeIgniter->createController()
 3 SYSTEMPATH\CodeIgniter.php(368): CodeIgniter\CodeIgniter->handleRequest(null, Object(Config\Cache), false)
 4 FCPATH\index.php(67): CodeIgniter\CodeIgniter->run()
 5 SYSTEMPATH\Commands\Server\rewrite.php(47): require_once('D:\\semester7\\mobile\\pertemuan2\\OneDrive_1_10-13-2025\\akademik\\public\\index.php')
WARNING - 2025-10-13 03:11:33 --> [DEPRECATED] Creation of dynamic property App\Controllers\Mahasiswa::$mdl is deprecated in APPPATH\Controllers\Mahasiswa.php on line 17.
 1 SYSTEMPATH\CodeIgniter.php(906): App\Controllers\Mahasiswa->__construct()
 2 SYSTEMPATH\CodeIgniter.php(490): CodeIgniter\CodeIgniter->createController()
 3 SYSTEMPATH\CodeIgniter.php(368): CodeIgniter\CodeIgniter->handleRequest(null, Object(Config\Cache), false)
 4 FCPATH\index.php(67): CodeIgniter\CodeIgniter->run()
 5 SYSTEMPATH\Commands\Server\rewrite.php(47): require_once('D:\\semester7\\mobile\\pertemuan2\\OneDrive_1_10-13-2025\\akademik\\public\\index.php')
WARNING - 2025-10-13 03:11:33 --> [DEPRECATED] Creation of dynamic property App\Controllers\Mahasiswa::$validation is deprecated in APPPATH\Controllers\Mahasiswa.php on line 18.
 1 SYSTEMPATH\CodeIgniter.php(906): App\Controllers\Mahasiswa->__construct()
 2 SYSTEMPATH\CodeIgniter.php(490): CodeIgniter\CodeIgniter->createController()
 3 SYSTEMPATH\CodeIgniter.php(368): CodeIgniter\CodeIgniter->handleRequest(null, Object(Config\Cache), false)
 4 FCPATH\index.php(67): CodeIgniter\CodeIgniter->run()
 5 SYSTEMPATH\Commands\Server\rewrite.php(47): require_once('D:\\semester7\\mobile\\pertemuan2\\OneDrive_1_10-13-2025\\akademik\\public\\index.php')
WARNING - 2025-10-13 03:12:23 --> [DEPRECATED] Creation of dynamic property App\Controllers\Mahasiswa::$mdl is deprecated in APPPATH\Controllers\Mahasiswa.php on line 17.
 1 SYSTEMPATH\CodeIgniter.php(906): App\Controllers\Mahasiswa->__construct()
 2 SYSTEMPATH\CodeIgniter.php(490): CodeIgniter\CodeIgniter->createController()
 3 SYSTEMPATH\CodeIgniter.php(368): CodeIgniter\CodeIgniter->handleRequest(null, Object(Config\Cache), false)
 4 FCPATH\index.php(67): CodeIgniter\CodeIgniter->run()
 5 SYSTEMPATH\Commands\Server\rewrite.php(47): require_once('D:\\semester7\\mobile\\pertemuan2\\OneDrive_1_10-13-2025\\akademik\\public\\index.php')
WARNING - 2025-10-13 03:12:23 --> [DEPRECATED] Creation of dynamic property App\Controllers\Mahasiswa::$validation is deprecated in APPPATH\Controllers\Mahasiswa.php on line 18.
 1 SYSTEMPATH\CodeIgniter.php(906): App\Controllers\Mahasiswa->__construct()
 2 SYSTEMPATH\CodeIgniter.php(490): CodeIgniter\CodeIgniter->createController()
 3 SYSTEMPATH\CodeIgniter.php(368): CodeIgniter\CodeIgniter->handleRequest(null, Object(Config\Cache), false)
 4 FCPATH\index.php(67): CodeIgniter\CodeIgniter->run()
 5 SYSTEMPATH\Commands\Server\rewrite.php(47): require_once('D:\\semester7\\mobile\\pertemuan2\\OneDrive_1_10-13-2025\\akademik\\public\\index.php')
WARNING - 2025-10-13 03:12:23 --> [DEPRECATED] Creation of dynamic property App\Controllers\Mahasiswa::$mdl is deprecated in APPPATH\Controllers\Mahasiswa.php on line 17.
 1 SYSTEMPATH\CodeIgniter.php(906): App\Controllers\Mahasiswa->__construct()
 2 SYSTEMPATH\CodeIgniter.php(490): CodeIgniter\CodeIgniter->createController()
 3 SYSTEMPATH\CodeIgniter.php(368): CodeIgniter\CodeIgniter->handleRequest(null, Object(Config\Cache), false)
 4 FCPATH\index.php(67): CodeIgniter\CodeIgniter->run()
 5 SYSTEMPATH\Commands\Server\rewrite.php(47): require_once('D:\\semester7\\mobile\\pertemuan2\\OneDrive_1_10-13-2025\\akademik\\public\\index.php')
WARNING - 2025-10-13 03:12:23 --> [DEPRECATED] Creation of dynamic property App\Controllers\Mahasiswa::$validation is deprecated in APPPATH\Controllers\Mahasiswa.php on line 18.
 1 SYSTEMPATH\CodeIgniter.php(906): App\Controllers\Mahasiswa->__construct()
 2 SYSTEMPATH\CodeIgniter.php(490): CodeIgniter\CodeIgniter->createController()
 3 SYSTEMPATH\CodeIgniter.php(368): CodeIgniter\CodeIgniter->handleRequest(null, Object(Config\Cache), false)
 4 FCPATH\index.php(67): CodeIgniter\CodeIgniter->run()
 5 SYSTEMPATH\Commands\Server\rewrite.php(47): require_once('D:\\semester7\\mobile\\pertemuan2\\OneDrive_1_10-13-2025\\akademik\\public\\index.php')
WARNING - 2025-10-13 03:14:32 --> [DEPRECATED] Creation of dynamic property App\Controllers\Mahasiswa::$mdl is deprecated in APPPATH\Controllers\Mahasiswa.php on line 17.
 1 SYSTEMPATH\CodeIgniter.php(906): App\Controllers\Mahasiswa->__construct()
 2 SYSTEMPATH\CodeIgniter.php(490): CodeIgniter\CodeIgniter->createController()
 3 SYSTEMPATH\CodeIgniter.php(368): CodeIgniter\CodeIgniter->handleRequest(null, Object(Config\Cache), false)
 4 FCPATH\index.php(67): CodeIgniter\CodeIgniter->run()
 5 SYSTEMPATH\Commands\Server\rewrite.php(47): require_once('D:\\semester7\\mobile\\pertemuan2\\OneDrive_1_10-13-2025\\akademik\\public\\index.php')
WARNING - 2025-10-13 03:14:32 --> [DEPRECATED] Creation of dynamic property App\Controllers\Mahasiswa::$validation is deprecated in APPPATH\Controllers\Mahasiswa.php on line 18.
 1 SYSTEMPATH\CodeIgniter.php(906): App\Controllers\Mahasiswa->__construct()
 2 SYSTEMPATH\CodeIgniter.php(490): CodeIgniter\CodeIgniter->createController()
 3 SYSTEMPATH\CodeIgniter.php(368): CodeIgniter\CodeIgniter->handleRequest(null, Object(Config\Cache), false)
 4 FCPATH\index.php(67): CodeIgniter\CodeIgniter->run()
 5 SYSTEMPATH\Commands\Server\rewrite.php(47): require_once('D:\\semester7\\mobile\\pertemuan2\\OneDrive_1_10-13-2025\\akademik\\public\\index.php')
WARNING - 2025-10-13 03:25:03 --> [DEPRECATED] Creation of dynamic property App\Controllers\Mahasiswa::$mdl is deprecated in APPPATH\Controllers\Mahasiswa.php on line 17.
 1 SYSTEMPATH\CodeIgniter.php(906): App\Controllers\Mahasiswa->__construct()
 2 SYSTEMPATH\CodeIgniter.php(490): CodeIgniter\CodeIgniter->createController()
 3 SYSTEMPATH\CodeIgniter.php(368): CodeIgniter\CodeIgniter->handleRequest(null, Object(Config\Cache), false)
 4 FCPATH\index.php(67): CodeIgniter\CodeIgniter->run()
 5 SYSTEMPATH\Commands\Server\rewrite.php(47): require_once('D:\\semester7\\mobile\\pertemuan2\\OneDrive_1_10-13-2025\\akademik\\public\\index.php')
WARNING - 2025-10-13 03:25:03 --> [DEPRECATED] Creation of dynamic property App\Controllers\Mahasiswa::$validation is deprecated in APPPATH\Controllers\Mahasiswa.php on line 18.
 1 SYSTEMPATH\CodeIgniter.php(906): App\Controllers\Mahasiswa->__construct()
 2 SYSTEMPATH\CodeIgniter.php(490): CodeIgniter\CodeIgniter->createController()
 3 SYSTEMPATH\CodeIgniter.php(368): CodeIgniter\CodeIgniter->handleRequest(null, Object(Config\Cache), false)
 4 FCPATH\index.php(67): CodeIgniter\CodeIgniter->run()
 5 SYSTEMPATH\Commands\Server\rewrite.php(47): require_once('D:\\semester7\\mobile\\pertemuan2\\OneDrive_1_10-13-2025\\akademik\\public\\index.php')
WARNING - 2025-10-13 03:31:03 --> [DEPRECATED] Creation of dynamic property App\Controllers\Mahasiswa::$mdl is deprecated in APPPATH\Controllers\Mahasiswa.php on line 17.
 1 SYSTEMPATH\CodeIgniter.php(906): App\Controllers\Mahasiswa->__construct()
 2 SYSTEMPATH\CodeIgniter.php(490): CodeIgniter\CodeIgniter->createController()
 3 SYSTEMPATH\CodeIgniter.php(368): CodeIgniter\CodeIgniter->handleRequest(null, Object(Config\Cache), false)
 4 FCPATH\index.php(67): CodeIgniter\CodeIgniter->run()
 5 SYSTEMPATH\Commands\Server\rewrite.php(47): require_once('D:\\semester7\\mobile\\pertemuan2\\OneDrive_1_10-13-2025\\akademik\\public\\index.php')
WARNING - 2025-10-13 03:31:03 --> [DEPRECATED] Creation of dynamic property App\Controllers\Mahasiswa::$validation is deprecated in APPPATH\Controllers\Mahasiswa.php on line 18.
 1 SYSTEMPATH\CodeIgniter.php(906): App\Controllers\Mahasiswa->__construct()
 2 SYSTEMPATH\CodeIgniter.php(490): CodeIgniter\CodeIgniter->createController()
 3 SYSTEMPATH\CodeIgniter.php(368): CodeIgniter\CodeIgniter->handleRequest(null, Object(Config\Cache), false)
 4 FCPATH\index.php(67): CodeIgniter\CodeIgniter->run()
 5 SYSTEMPATH\Commands\Server\rewrite.php(47): require_once('D:\\semester7\\mobile\\pertemuan2\\OneDrive_1_10-13-2025\\akademik\\public\\index.php')
WARNING - 2025-10-13 03:32:21 --> [DEPRECATED] Creation of dynamic property App\Controllers\Mahasiswa::$mdl is deprecated in APPPATH\Controllers\Mahasiswa.php on line 17.
 1 SYSTEMPATH\CodeIgniter.php(906): App\Controllers\Mahasiswa->__construct()
 2 SYSTEMPATH\CodeIgniter.php(490): CodeIgniter\CodeIgniter->createController()
 3 SYSTEMPATH\CodeIgniter.php(368): CodeIgniter\CodeIgniter->handleRequest(null, Object(Config\Cache), false)
 4 FCPATH\index.php(67): CodeIgniter\CodeIgniter->run()
 5 SYSTEMPATH\Commands\Server\rewrite.php(47): require_once('D:\\semester7\\mobile\\pertemuan2\\OneDrive_1_10-13-2025\\akademik\\public\\index.php')
WARNING - 2025-10-13 03:32:21 --> [DEPRECATED] Creation of dynamic property App\Controllers\Mahasiswa::$validation is deprecated in APPPATH\Controllers\Mahasiswa.php on line 18.
 1 SYSTEMPATH\CodeIgniter.php(906): App\Controllers\Mahasiswa->__construct()
 2 SYSTEMPATH\CodeIgniter.php(490): CodeIgniter\CodeIgniter->createController()
 3 SYSTEMPATH\CodeIgniter.php(368): CodeIgniter\CodeIgniter->handleRequest(null, Object(Config\Cache), false)
 4 FCPATH\index.php(67): CodeIgniter\CodeIgniter->run()
 5 SYSTEMPATH\Commands\Server\rewrite.php(47): require_once('D:\\semester7\\mobile\\pertemuan2\\OneDrive_1_10-13-2025\\akademik\\public\\index.php')
WARNING - 2025-10-13 03:32:40 --> [DEPRECATED] Creation of dynamic property App\Controllers\Mahasiswa::$mdl is deprecated in APPPATH\Controllers\Mahasiswa.php on line 17.
 1 SYSTEMPATH\CodeIgniter.php(906): App\Controllers\Mahasiswa->__construct()
 2 SYSTEMPATH\CodeIgniter.php(490): CodeIgniter\CodeIgniter->createController()
 3 SYSTEMPATH\CodeIgniter.php(368): CodeIgniter\CodeIgniter->handleRequest(null, Object(Config\Cache), false)
 4 FCPATH\index.php(67): CodeIgniter\CodeIgniter->run()
 5 SYSTEMPATH\Commands\Server\rewrite.php(47): require_once('D:\\semester7\\mobile\\pertemuan2\\OneDrive_1_10-13-2025\\akademik\\public\\index.php')
WARNING - 2025-10-13 03:32:40 --> [DEPRECATED] Creation of dynamic property App\Controllers\Mahasiswa::$validation is deprecated in APPPATH\Controllers\Mahasiswa.php on line 18.
 1 SYSTEMPATH\CodeIgniter.php(906): App\Controllers\Mahasiswa->__construct()
 2 SYSTEMPATH\CodeIgniter.php(490): CodeIgniter\CodeIgniter->createController()
 3 SYSTEMPATH\CodeIgniter.php(368): CodeIgniter\CodeIgniter->handleRequest(null, Object(Config\Cache), false)
 4 FCPATH\index.php(67): CodeIgniter\CodeIgniter->run()
 5 SYSTEMPATH\Commands\Server\rewrite.php(47): require_once('D:\\semester7\\mobile\\pertemuan2\\OneDrive_1_10-13-2025\\akademik\\public\\index.php')
WARNING - 2025-10-13 03:32:42 --> [DEPRECATED] Creation of dynamic property App\Controllers\Mahasiswa::$mdl is deprecated in APPPATH\Controllers\Mahasiswa.php on line 17.
 1 SYSTEMPATH\CodeIgniter.php(906): App\Controllers\Mahasiswa->__construct()
 2 SYSTEMPATH\CodeIgniter.php(490): CodeIgniter\CodeIgniter->createController()
 3 SYSTEMPATH\CodeIgniter.php(368): CodeIgniter\CodeIgniter->handleRequest(null, Object(Config\Cache), false)
 4 FCPATH\index.php(67): CodeIgniter\CodeIgniter->run()
 5 SYSTEMPATH\Commands\Server\rewrite.php(47): require_once('D:\\semester7\\mobile\\pertemuan2\\OneDrive_1_10-13-2025\\akademik\\public\\index.php')
WARNING - 2025-10-13 03:32:42 --> [DEPRECATED] Creation of dynamic property App\Controllers\Mahasiswa::$validation is deprecated in APPPATH\Controllers\Mahasiswa.php on line 18.
 1 SYSTEMPATH\CodeIgniter.php(906): App\Controllers\Mahasiswa->__construct()
 2 SYSTEMPATH\CodeIgniter.php(490): CodeIgniter\CodeIgniter->createController()
 3 SYSTEMPATH\CodeIgniter.php(368): CodeIgniter\CodeIgniter->handleRequest(null, Object(Config\Cache), false)
 4 FCPATH\index.php(67): CodeIgniter\CodeIgniter->run()
 5 SYSTEMPATH\Commands\Server\rewrite.php(47): require_once('D:\\semester7\\mobile\\pertemuan2\\OneDrive_1_10-13-2025\\akademik\\public\\index.php')
WARNING - 2025-10-13 03:33:08 --> [DEPRECATED] Creation of dynamic property App\Controllers\Mahasiswa::$mdl is deprecated in APPPATH\Controllers\Mahasiswa.php on line 17.
 1 SYSTEMPATH\CodeIgniter.php(906): App\Controllers\Mahasiswa->__construct()
 2 SYSTEMPATH\CodeIgniter.php(490): CodeIgniter\CodeIgniter->createController()
 3 SYSTEMPATH\CodeIgniter.php(368): CodeIgniter\CodeIgniter->handleRequest(null, Object(Config\Cache), false)
 4 FCPATH\index.php(67): CodeIgniter\CodeIgniter->run()
 5 SYSTEMPATH\Commands\Server\rewrite.php(47): require_once('D:\\semester7\\mobile\\pertemuan2\\OneDrive_1_10-13-2025\\akademik\\public\\index.php')
WARNING - 2025-10-13 03:33:08 --> [DEPRECATED] Creation of dynamic property App\Controllers\Mahasiswa::$validation is deprecated in APPPATH\Controllers\Mahasiswa.php on line 18.
 1 SYSTEMPATH\CodeIgniter.php(906): App\Controllers\Mahasiswa->__construct()
 2 SYSTEMPATH\CodeIgniter.php(490): CodeIgniter\CodeIgniter->createController()
 3 SYSTEMPATH\CodeIgniter.php(368): CodeIgniter\CodeIgniter->handleRequest(null, Object(Config\Cache), false)
 4 FCPATH\index.php(67): CodeIgniter\CodeIgniter->run()
 5 SYSTEMPATH\Commands\Server\rewrite.php(47): require_once('D:\\semester7\\mobile\\pertemuan2\\OneDrive_1_10-13-2025\\akademik\\public\\index.php')
WARNING - 2025-10-13 03:33:09 --> [DEPRECATED] Creation of dynamic property App\Controllers\Mahasiswa::$mdl is deprecated in APPPATH\Controllers\Mahasiswa.php on line 17.
 1 SYSTEMPATH\CodeIgniter.php(906): App\Controllers\Mahasiswa->__construct()
 2 SYSTEMPATH\CodeIgniter.php(490): CodeIgniter\CodeIgniter->createController()
 3 SYSTEMPATH\CodeIgniter.php(368): CodeIgniter\CodeIgniter->handleRequest(null, Object(Config\Cache), false)
 4 FCPATH\index.php(67): CodeIgniter\CodeIgniter->run()
 5 SYSTEMPATH\Commands\Server\rewrite.php(47): require_once('D:\\semester7\\mobile\\pertemuan2\\OneDrive_1_10-13-2025\\akademik\\public\\index.php')
WARNING - 2025-10-13 03:33:09 --> [DEPRECATED] Creation of dynamic property App\Controllers\Mahasiswa::$validation is deprecated in APPPATH\Controllers\Mahasiswa.php on line 18.
 1 SYSTEMPATH\CodeIgniter.php(906): App\Controllers\Mahasiswa->__construct()
 2 SYSTEMPATH\CodeIgniter.php(490): CodeIgniter\CodeIgniter->createController()
 3 SYSTEMPATH\CodeIgniter.php(368): CodeIgniter\CodeIgniter->handleRequest(null, Object(Config\Cache), false)
 4 FCPATH\index.php(67): CodeIgniter\CodeIgniter->run()
 5 SYSTEMPATH\Commands\Server\rewrite.php(47): require_once('D:\\semester7\\mobile\\pertemuan2\\OneDrive_1_10-13-2025\\akademik\\public\\index.php')
WARNING - 2025-10-13 03:39:10 --> [DEPRECATED] Creation of dynamic property App\Controllers\Mahasiswa::$mdl is deprecated in APPPATH\Controllers\Mahasiswa.php on line 17.
 1 SYSTEMPATH\CodeIgniter.php(906): App\Controllers\Mahasiswa->__construct()
 2 SYSTEMPATH\CodeIgniter.php(490): CodeIgniter\CodeIgniter->createController()
 3 SYSTEMPATH\CodeIgniter.php(368): CodeIgniter\CodeIgniter->handleRequest(null, Object(Config\Cache), false)
 4 FCPATH\index.php(67): CodeIgniter\CodeIgniter->run()
 5 SYSTEMPATH\Commands\Server\rewrite.php(47): require_once('D:\\semester7\\mobile\\pertemuan2\\OneDrive_1_10-13-2025\\akademik\\public\\index.php')
WARNING - 2025-10-13 03:39:10 --> [DEPRECATED] Creation of dynamic property App\Controllers\Mahasiswa::$validation is deprecated in APPPATH\Controllers\Mahasiswa.php on line 18.
 1 SYSTEMPATH\CodeIgniter.php(906): App\Controllers\Mahasiswa->__construct()
 2 SYSTEMPATH\CodeIgniter.php(490): CodeIgniter\CodeIgniter->createController()
 3 SYSTEMPATH\CodeIgniter.php(368): CodeIgniter\CodeIgniter->handleRequest(null, Object(Config\Cache), false)
 4 FCPATH\index.php(67): CodeIgniter\CodeIgniter->run()
 5 SYSTEMPATH\Commands\Server\rewrite.php(47): require_once('D:\\semester7\\mobile\\pertemuan2\\OneDrive_1_10-13-2025\\akademik\\public\\index.php')
WARNING - 2025-10-13 03:40:27 --> [DEPRECATED] Creation of dynamic property App\Controllers\Mahasiswa::$mdl is deprecated in APPPATH\Controllers\Mahasiswa.php on line 17.
 1 SYSTEMPATH\CodeIgniter.php(906): App\Controllers\Mahasiswa->__construct()
 2 SYSTEMPATH\CodeIgniter.php(490): CodeIgniter\CodeIgniter->createController()
 3 SYSTEMPATH\CodeIgniter.php(368): CodeIgniter\CodeIgniter->handleRequest(null, Object(Config\Cache), false)
 4 FCPATH\index.php(67): CodeIgniter\CodeIgniter->run()
 5 SYSTEMPATH\Commands\Server\rewrite.php(47): require_once('D:\\semester7\\mobile\\pertemuan2\\OneDrive_1_10-13-2025\\akademik\\public\\index.php')
WARNING - 2025-10-13 03:40:27 --> [DEPRECATED] Creation of dynamic property App\Controllers\Mahasiswa::$validation is deprecated in APPPATH\Controllers\Mahasiswa.php on line 18.
 1 SYSTEMPATH\CodeIgniter.php(906): App\Controllers\Mahasiswa->__construct()
 2 SYSTEMPATH\CodeIgniter.php(490): CodeIgniter\CodeIgniter->createController()
 3 SYSTEMPATH\CodeIgniter.php(368): CodeIgniter\CodeIgniter->handleRequest(null, Object(Config\Cache), false)
 4 FCPATH\index.php(67): CodeIgniter\CodeIgniter->run()
 5 SYSTEMPATH\Commands\Server\rewrite.php(47): require_once('D:\\semester7\\mobile\\pertemuan2\\OneDrive_1_10-13-2025\\akademik\\public\\index.php')
WARNING - 2025-10-13 03:41:05 --> [DEPRECATED] Creation of dynamic property App\Controllers\Mahasiswa::$mdl is deprecated in APPPATH\Controllers\Mahasiswa.php on line 17.
 1 SYSTEMPATH\CodeIgniter.php(906): App\Controllers\Mahasiswa->__construct()
 2 SYSTEMPATH\CodeIgniter.php(490): CodeIgniter\CodeIgniter->createController()
 3 SYSTEMPATH\CodeIgniter.php(368): CodeIgniter\CodeIgniter->handleRequest(null, Object(Config\Cache), false)
 4 FCPATH\index.php(67): CodeIgniter\CodeIgniter->run()
 5 SYSTEMPATH\Commands\Server\rewrite.php(47): require_once('D:\\semester7\\mobile\\pertemuan2\\OneDrive_1_10-13-2025\\akademik\\public\\index.php')
WARNING - 2025-10-13 03:41:05 --> [DEPRECATED] Creation of dynamic property App\Controllers\Mahasiswa::$validation is deprecated in APPPATH\Controllers\Mahasiswa.php on line 18.
 1 SYSTEMPATH\CodeIgniter.php(906): App\Controllers\Mahasiswa->__construct()
 2 SYSTEMPATH\CodeIgniter.php(490): CodeIgniter\CodeIgniter->createController()
 3 SYSTEMPATH\CodeIgniter.php(368): CodeIgniter\CodeIgniter->handleRequest(null, Object(Config\Cache), false)
 4 FCPATH\index.php(67): CodeIgniter\CodeIgniter->run()
 5 SYSTEMPATH\Commands\Server\rewrite.php(47): require_once('D:\\semester7\\mobile\\pertemuan2\\OneDrive_1_10-13-2025\\akademik\\public\\index.php')
WARNING - 2025-10-13 03:43:26 --> [DEPRECATED] Creation of dynamic property App\Controllers\Mahasiswa::$mdl is deprecated in APPPATH\Controllers\Mahasiswa.php on line 17.
 1 SYSTEMPATH\CodeIgniter.php(906): App\Controllers\Mahasiswa->__construct()
 2 SYSTEMPATH\CodeIgniter.php(490): CodeIgniter\CodeIgniter->createController()
 3 SYSTEMPATH\CodeIgniter.php(368): CodeIgniter\CodeIgniter->handleRequest(null, Object(Config\Cache), false)
 4 FCPATH\index.php(67): CodeIgniter\CodeIgniter->run()
 5 SYSTEMPATH\Commands\Server\rewrite.php(47): require_once('D:\\semester7\\mobile\\pertemuan2\\OneDrive_1_10-13-2025\\akademik\\public\\index.php')
WARNING - 2025-10-13 03:43:26 --> [DEPRECATED] Creation of dynamic property App\Controllers\Mahasiswa::$validation is deprecated in APPPATH\Controllers\Mahasiswa.php on line 18.
 1 SYSTEMPATH\CodeIgniter.php(906): App\Controllers\Mahasiswa->__construct()
 2 SYSTEMPATH\CodeIgniter.php(490): CodeIgniter\CodeIgniter->createController()
 3 SYSTEMPATH\CodeIgniter.php(368): CodeIgniter\CodeIgniter->handleRequest(null, Object(Config\Cache), false)
 4 FCPATH\index.php(67): CodeIgniter\CodeIgniter->run()
 5 SYSTEMPATH\Commands\Server\rewrite.php(47): require_once('D:\\semester7\\mobile\\pertemuan2\\OneDrive_1_10-13-2025\\akademik\\public\\index.php')
WARNING - 2025-10-13 03:48:49 --> [DEPRECATED] Creation of dynamic property App\Controllers\Mahasiswa::$mdl is deprecated in APPPATH\Controllers\Mahasiswa.php on line 17.
 1 SYSTEMPATH\CodeIgniter.php(906): App\Controllers\Mahasiswa->__construct()
 2 SYSTEMPATH\CodeIgniter.php(490): CodeIgniter\CodeIgniter->createController()
 3 SYSTEMPATH\CodeIgniter.php(368): CodeIgniter\CodeIgniter->handleRequest(null, Object(Config\Cache), false)
 4 FCPATH\index.php(67): CodeIgniter\CodeIgniter->run()
 5 SYSTEMPATH\Commands\Server\rewrite.php(47): require_once('D:\\semester7\\mobile\\pertemuan2\\OneDrive_1_10-13-2025\\akademik\\public\\index.php')
WARNING - 2025-10-13 03:48:49 --> [DEPRECATED] Creation of dynamic property App\Controllers\Mahasiswa::$validation is deprecated in APPPATH\Controllers\Mahasiswa.php on line 18.
 1 SYSTEMPATH\CodeIgniter.php(906): App\Controllers\Mahasiswa->__construct()
 2 SYSTEMPATH\CodeIgniter.php(490): CodeIgniter\CodeIgniter->createController()
 3 SYSTEMPATH\CodeIgniter.php(368): CodeIgniter\CodeIgniter->handleRequest(null, Object(Config\Cache), false)
 4 FCPATH\index.php(67): CodeIgniter\CodeIgniter->run()
 5 SYSTEMPATH\Commands\Server\rewrite.php(47): require_once('D:\\semester7\\mobile\\pertemuan2\\OneDrive_1_10-13-2025\\akademik\\public\\index.php')
WARNING - 2025-10-13 03:48:49 --> [DEPRECATED] Creation of dynamic property App\Controllers\Mahasiswa::$mdl is deprecated in APPPATH\Controllers\Mahasiswa.php on line 17.
 1 SYSTEMPATH\CodeIgniter.php(906): App\Controllers\Mahasiswa->__construct()
 2 SYSTEMPATH\CodeIgniter.php(490): CodeIgniter\CodeIgniter->createController()
 3 SYSTEMPATH\CodeIgniter.php(368): CodeIgniter\CodeIgniter->handleRequest(null, Object(Config\Cache), false)
 4 FCPATH\index.php(67): CodeIgniter\CodeIgniter->run()
 5 SYSTEMPATH\Commands\Server\rewrite.php(47): require_once('D:\\semester7\\mobile\\pertemuan2\\OneDrive_1_10-13-2025\\akademik\\public\\index.php')
WARNING - 2025-10-13 03:48:49 --> [DEPRECATED] Creation of dynamic property App\Controllers\Mahasiswa::$validation is deprecated in APPPATH\Controllers\Mahasiswa.php on line 18.
 1 SYSTEMPATH\CodeIgniter.php(906): App\Controllers\Mahasiswa->__construct()
 2 SYSTEMPATH\CodeIgniter.php(490): CodeIgniter\CodeIgniter->createController()
 3 SYSTEMPATH\CodeIgniter.php(368): CodeIgniter\CodeIgniter->handleRequest(null, Object(Config\Cache), false)
 4 FCPATH\index.php(67): CodeIgniter\CodeIgniter->run()
 5 SYSTEMPATH\Commands\Server\rewrite.php(47): require_once('D:\\semester7\\mobile\\pertemuan2\\OneDrive_1_10-13-2025\\akademik\\public\\index.php')
WARNING - 2025-10-13 03:49:28 --> [DEPRECATED] Creation of dynamic property App\Controllers\Mahasiswa::$mdl is deprecated in APPPATH\Controllers\Mahasiswa.php on line 17.
 1 SYSTEMPATH\CodeIgniter.php(906): App\Controllers\Mahasiswa->__construct()
 2 SYSTEMPATH\CodeIgniter.php(490): CodeIgniter\CodeIgniter->createController()
 3 SYSTEMPATH\CodeIgniter.php(368): CodeIgniter\CodeIgniter->handleRequest(null, Object(Config\Cache), false)
 4 FCPATH\index.php(67): CodeIgniter\CodeIgniter->run()
 5 SYSTEMPATH\Commands\Server\rewrite.php(47): require_once('D:\\semester7\\mobile\\pertemuan2\\OneDrive_1_10-13-2025\\akademik\\public\\index.php')
WARNING - 2025-10-13 03:49:28 --> [DEPRECATED] Creation of dynamic property App\Controllers\Mahasiswa::$validation is deprecated in APPPATH\Controllers\Mahasiswa.php on line 18.
 1 SYSTEMPATH\CodeIgniter.php(906): App\Controllers\Mahasiswa->__construct()
 2 SYSTEMPATH\CodeIgniter.php(490): CodeIgniter\CodeIgniter->createController()
 3 SYSTEMPATH\CodeIgniter.php(368): CodeIgniter\CodeIgniter->handleRequest(null, Object(Config\Cache), false)
 4 FCPATH\index.php(67): CodeIgniter\CodeIgniter->run()
 5 SYSTEMPATH\Commands\Server\rewrite.php(47): require_once('D:\\semester7\\mobile\\pertemuan2\\OneDrive_1_10-13-2025\\akademik\\public\\index.php')
WARNING - 2025-10-13 03:53:40 --> [DEPRECATED] Creation of dynamic property App\Controllers\Mahasiswa::$mdl is deprecated in APPPATH\Controllers\Mahasiswa.php on line 17.
 1 SYSTEMPATH\CodeIgniter.php(906): App\Controllers\Mahasiswa->__construct()
 2 SYSTEMPATH\CodeIgniter.php(490): CodeIgniter\CodeIgniter->createController()
 3 SYSTEMPATH\CodeIgniter.php(368): CodeIgniter\CodeIgniter->handleRequest(null, Object(Config\Cache), false)
 4 FCPATH\index.php(67): CodeIgniter\CodeIgniter->run()
 5 SYSTEMPATH\Commands\Server\rewrite.php(47): require_once('D:\\semester7\\mobile\\pertemuan2\\OneDrive_1_10-13-2025\\akademik\\public\\index.php')
WARNING - 2025-10-13 03:53:40 --> [DEPRECATED] Creation of dynamic property App\Controllers\Mahasiswa::$validation is deprecated in APPPATH\Controllers\Mahasiswa.php on line 18.
 1 SYSTEMPATH\CodeIgniter.php(906): App\Controllers\Mahasiswa->__construct()
 2 SYSTEMPATH\CodeIgniter.php(490): CodeIgniter\CodeIgniter->createController()
 3 SYSTEMPATH\CodeIgniter.php(368): CodeIgniter\CodeIgniter->handleRequest(null, Object(Config\Cache), false)
 4 FCPATH\index.php(67): CodeIgniter\CodeIgniter->run()
 5 SYSTEMPATH\Commands\Server\rewrite.php(47): require_once('D:\\semester7\\mobile\\pertemuan2\\OneDrive_1_10-13-2025\\akademik\\public\\index.php')
WARNING - 2025-10-13 04:08:31 --> [DEPRECATED] Creation of dynamic property App\Controllers\Mahasiswa::$mdl is deprecated in APPPATH\Controllers\Mahasiswa.php on line 17.
 1 SYSTEMPATH\CodeIgniter.php(906): App\Controllers\Mahasiswa->__construct()
 2 SYSTEMPATH\CodeIgniter.php(490): CodeIgniter\CodeIgniter->createController()
 3 SYSTEMPATH\CodeIgniter.php(368): CodeIgniter\CodeIgniter->handleRequest(null, Object(Config\Cache), false)
 4 FCPATH\index.php(67): CodeIgniter\CodeIgniter->run()
 5 SYSTEMPATH\Commands\Server\rewrite.php(47): require_once('D:\\semester7\\mobile\\pertemuan2\\OneDrive_1_10-13-2025\\akademik\\public\\index.php')
WARNING - 2025-10-13 04:08:31 --> [DEPRECATED] Creation of dynamic property App\Controllers\Mahasiswa::$validation is deprecated in APPPATH\Controllers\Mahasiswa.php on line 18.
 1 SYSTEMPATH\CodeIgniter.php(906): App\Controllers\Mahasiswa->__construct()
 2 SYSTEMPATH\CodeIgniter.php(490): CodeIgniter\CodeIgniter->createController()
 3 SYSTEMPATH\CodeIgniter.php(368): CodeIgniter\CodeIgniter->handleRequest(null, Object(Config\Cache), false)
 4 FCPATH\index.php(67): CodeIgniter\CodeIgniter->run()
 5 SYSTEMPATH\Commands\Server\rewrite.php(47): require_once('D:\\semester7\\mobile\\pertemuan2\\OneDrive_1_10-13-2025\\akademik\\public\\index.php')
WARNING - 2025-10-13 04:14:19 --> [DEPRECATED] Creation of dynamic property App\Controllers\Mahasiswa::$mdl is deprecated in APPPATH\Controllers\Mahasiswa.php on line 17.
 1 SYSTEMPATH\CodeIgniter.php(906): App\Controllers\Mahasiswa->__construct()
 2 SYSTEMPATH\CodeIgniter.php(490): CodeIgniter\CodeIgniter->createController()
 3 SYSTEMPATH\CodeIgniter.php(368): CodeIgniter\CodeIgniter->handleRequest(null, Object(Config\Cache), false)
 4 FCPATH\index.php(67): CodeIgniter\CodeIgniter->run()
 5 SYSTEMPATH\Commands\Server\rewrite.php(47): require_once('D:\\semester7\\mobile\\pertemuan2\\OneDrive_1_10-13-2025\\akademik\\public\\index.php')
WARNING - 2025-10-13 04:14:19 --> [DEPRECATED] Creation of dynamic property App\Controllers\Mahasiswa::$validation is deprecated in APPPATH\Controllers\Mahasiswa.php on line 18.
 1 SYSTEMPATH\CodeIgniter.php(906): App\Controllers\Mahasiswa->__construct()
 2 SYSTEMPATH\CodeIgniter.php(490): CodeIgniter\CodeIgniter->createController()
 3 SYSTEMPATH\CodeIgniter.php(368): CodeIgniter\CodeIgniter->handleRequest(null, Object(Config\Cache), false)
 4 FCPATH\index.php(67): CodeIgniter\CodeIgniter->run()
 5 SYSTEMPATH\Commands\Server\rewrite.php(47): require_once('D:\\semester7\\mobile\\pertemuan2\\OneDrive_1_10-13-2025\\akademik\\public\\index.php')
WARNING - 2025-10-13 04:15:12 --> [DEPRECATED] Creation of dynamic property App\Controllers\Mahasiswa::$mdl is deprecated in APPPATH\Controllers\Mahasiswa.php on line 17.
 1 SYSTEMPATH\CodeIgniter.php(906): App\Controllers\Mahasiswa->__construct()
 2 SYSTEMPATH\CodeIgniter.php(490): CodeIgniter\CodeIgniter->createController()
 3 SYSTEMPATH\CodeIgniter.php(368): CodeIgniter\CodeIgniter->handleRequest(null, Object(Config\Cache), false)
 4 FCPATH\index.php(67): CodeIgniter\CodeIgniter->run()
 5 SYSTEMPATH\Commands\Server\rewrite.php(47): require_once('D:\\semester7\\mobile\\pertemuan2\\OneDrive_1_10-13-2025\\akademik\\public\\index.php')
WARNING - 2025-10-13 04:15:12 --> [DEPRECATED] Creation of dynamic property App\Controllers\Mahasiswa::$validation is deprecated in APPPATH\Controllers\Mahasiswa.php on line 18.
 1 SYSTEMPATH\CodeIgniter.php(906): App\Controllers\Mahasiswa->__construct()
 2 SYSTEMPATH\CodeIgniter.php(490): CodeIgniter\CodeIgniter->createController()
 3 SYSTEMPATH\CodeIgniter.php(368): CodeIgniter\CodeIgniter->handleRequest(null, Object(Config\Cache), false)
 4 FCPATH\index.php(67): CodeIgniter\CodeIgniter->run()
 5 SYSTEMPATH\Commands\Server\rewrite.php(47): require_once('D:\\semester7\\mobile\\pertemuan2\\OneDrive_1_10-13-2025\\akademik\\public\\index.php')
WARNING - 2025-10-13 04:15:22 --> [DEPRECATED] Creation of dynamic property App\Controllers\Mahasiswa::$mdl is deprecated in APPPATH\Controllers\Mahasiswa.php on line 17.
 1 SYSTEMPATH\CodeIgniter.php(906): App\Controllers\Mahasiswa->__construct()
 2 SYSTEMPATH\CodeIgniter.php(490): CodeIgniter\CodeIgniter->createController()
 3 SYSTEMPATH\CodeIgniter.php(368): CodeIgniter\CodeIgniter->handleRequest(null, Object(Config\Cache), false)
 4 FCPATH\index.php(67): CodeIgniter\CodeIgniter->run()
 5 SYSTEMPATH\Commands\Server\rewrite.php(47): require_once('D:\\semester7\\mobile\\pertemuan2\\OneDrive_1_10-13-2025\\akademik\\public\\index.php')
WARNING - 2025-10-13 04:15:22 --> [DEPRECATED] Creation of dynamic property App\Controllers\Mahasiswa::$validation is deprecated in APPPATH\Controllers\Mahasiswa.php on line 18.
 1 SYSTEMPATH\CodeIgniter.php(906): App\Controllers\Mahasiswa->__construct()
 2 SYSTEMPATH\CodeIgniter.php(490): CodeIgniter\CodeIgniter->createController()
 3 SYSTEMPATH\CodeIgniter.php(368): CodeIgniter\CodeIgniter->handleRequest(null, Object(Config\Cache), false)
 4 FCPATH\index.php(67): CodeIgniter\CodeIgniter->run()
 5 SYSTEMPATH\Commands\Server\rewrite.php(47): require_once('D:\\semester7\\mobile\\pertemuan2\\OneDrive_1_10-13-2025\\akademik\\public\\index.php')
WARNING - 2025-10-13 04:21:40 --> [DEPRECATED] Creation of dynamic property App\Controllers\Mahasiswa::$mdl is deprecated in APPPATH\Controllers\Mahasiswa.php on line 17.
 1 SYSTEMPATH\CodeIgniter.php(906): App\Controllers\Mahasiswa->__construct()
 2 SYSTEMPATH\CodeIgniter.php(490): CodeIgniter\CodeIgniter->createController()
 3 SYSTEMPATH\CodeIgniter.php(368): CodeIgniter\CodeIgniter->handleRequest(null, Object(Config\Cache), false)
 4 FCPATH\index.php(67): CodeIgniter\CodeIgniter->run()
 5 SYSTEMPATH\Commands\Server\rewrite.php(47): require_once('D:\\semester7\\mobile\\pertemuan2\\OneDrive_1_10-13-2025\\akademik\\public\\index.php')
WARNING - 2025-10-13 04:21:40 --> [DEPRECATED] Creation of dynamic property App\Controllers\Mahasiswa::$validation is deprecated in APPPATH\Controllers\Mahasiswa.php on line 18.
 1 SYSTEMPATH\CodeIgniter.php(906): App\Controllers\Mahasiswa->__construct()
 2 SYSTEMPATH\CodeIgniter.php(490): CodeIgniter\CodeIgniter->createController()
 3 SYSTEMPATH\CodeIgniter.php(368): CodeIgniter\CodeIgniter->handleRequest(null, Object(Config\Cache), false)
 4 FCPATH\index.php(67): CodeIgniter\CodeIgniter->run()
 5 SYSTEMPATH\Commands\Server\rewrite.php(47): require_once('D:\\semester7\\mobile\\pertemuan2\\OneDrive_1_10-13-2025\\akademik\\public\\index.php')
WARNING - 2025-10-13 05:28:34 --> [DEPRECATED] Creation of dynamic property App\Controllers\Mahasiswa::$mdl is deprecated in APPPATH\Controllers\Mahasiswa.php on line 17.
 1 SYSTEMPATH\CodeIgniter.php(906): App\Controllers\Mahasiswa->__construct()
 2 SYSTEMPATH\CodeIgniter.php(490): CodeIgniter\CodeIgniter->createController()
 3 SYSTEMPATH\CodeIgniter.php(368): CodeIgniter\CodeIgniter->handleRequest(null, Object(Config\Cache), false)
 4 FCPATH\index.php(67): CodeIgniter\CodeIgniter->run()
 5 SYSTEMPATH\Commands\Server\rewrite.php(47): require_once('D:\\semester7\\mobile\\pertemuan2\\OneDrive_1_10-13-2025\\akademik\\public\\index.php')
WARNING - 2025-10-13 05:28:34 --> [DEPRECATED] Creation of dynamic property App\Controllers\Mahasiswa::$validation is deprecated in APPPATH\Controllers\Mahasiswa.php on line 18.
 1 SYSTEMPATH\CodeIgniter.php(906): App\Controllers\Mahasiswa->__construct()
 2 SYSTEMPATH\CodeIgniter.php(490): CodeIgniter\CodeIgniter->createController()
 3 SYSTEMPATH\CodeIgniter.php(368): CodeIgniter\CodeIgniter->handleRequest(null, Object(Config\Cache), false)
 4 FCPATH\index.php(67): CodeIgniter\CodeIgniter->run()
 5 SYSTEMPATH\Commands\Server\rewrite.php(47): require_once('D:\\semester7\\mobile\\pertemuan2\\OneDrive_1_10-13-2025\\akademik\\public\\index.php')
WARNING - 2025-10-13 05:32:03 --> [DEPRECATED] Creation of dynamic property App\Controllers\Mahasiswa::$mdl is deprecated in APPPATH\Controllers\Mahasiswa.php on line 17.
 1 SYSTEMPATH\CodeIgniter.php(906): App\Controllers\Mahasiswa->__construct()
 2 SYSTEMPATH\CodeIgniter.php(490): CodeIgniter\CodeIgniter->createController()
 3 SYSTEMPATH\CodeIgniter.php(368): CodeIgniter\CodeIgniter->handleRequest(null, Object(Config\Cache), false)
 4 FCPATH\index.php(67): CodeIgniter\CodeIgniter->run()
 5 SYSTEMPATH\Commands\Server\rewrite.php(47): require_once('D:\\semester7\\mobile\\pertemuan2\\OneDrive_1_10-13-2025\\akademik\\public\\index.php')
WARNING - 2025-10-13 05:32:03 --> [DEPRECATED] Creation of dynamic property App\Controllers\Mahasiswa::$validation is deprecated in APPPATH\Controllers\Mahasiswa.php on line 18.
 1 SYSTEMPATH\CodeIgniter.php(906): App\Controllers\Mahasiswa->__construct()
 2 SYSTEMPATH\CodeIgniter.php(490): CodeIgniter\CodeIgniter->createController()
 3 SYSTEMPATH\CodeIgniter.php(368): CodeIgniter\CodeIgniter->handleRequest(null, Object(Config\Cache), false)
 4 FCPATH\index.php(67): CodeIgniter\CodeIgniter->run()
 5 SYSTEMPATH\Commands\Server\rewrite.php(47): require_once('D:\\semester7\\mobile\\pertemuan2\\OneDrive_1_10-13-2025\\akademik\\public\\index.php')
WARNING - 2025-10-13 05:32:43 --> [DEPRECATED] Creation of dynamic property App\Controllers\Mahasiswa::$mdl is deprecated in APPPATH\Controllers\Mahasiswa.php on line 17.
 1 SYSTEMPATH\CodeIgniter.php(906): App\Controllers\Mahasiswa->__construct()
 2 SYSTEMPATH\CodeIgniter.php(490): CodeIgniter\CodeIgniter->createController()
 3 SYSTEMPATH\CodeIgniter.php(368): CodeIgniter\CodeIgniter->handleRequest(null, Object(Config\Cache), false)
 4 FCPATH\index.php(67): CodeIgniter\CodeIgniter->run()
 5 SYSTEMPATH\Commands\Server\rewrite.php(47): require_once('D:\\semester7\\mobile\\pertemuan2\\OneDrive_1_10-13-2025\\akademik\\public\\index.php')
WARNING - 2025-10-13 05:32:43 --> [DEPRECATED] Creation of dynamic property App\Controllers\Mahasiswa::$validation is deprecated in APPPATH\Controllers\Mahasiswa.php on line 18.
 1 SYSTEMPATH\CodeIgniter.php(906): App\Controllers\Mahasiswa->__construct()
 2 SYSTEMPATH\CodeIgniter.php(490): CodeIgniter\CodeIgniter->createController()
 3 SYSTEMPATH\CodeIgniter.php(368): CodeIgniter\CodeIgniter->handleRequest(null, Object(Config\Cache), false)
 4 FCPATH\index.php(67): CodeIgniter\CodeIgniter->run()
 5 SYSTEMPATH\Commands\Server\rewrite.php(47): require_once('D:\\semester7\\mobile\\pertemuan2\\OneDrive_1_10-13-2025\\akademik\\public\\index.php')
WARNING - 2025-10-13 05:35:02 --> [DEPRECATED] Creation of dynamic property App\Controllers\Mahasiswa::$mdl is deprecated in APPPATH\Controllers\Mahasiswa.php on line 17.
 1 SYSTEMPATH\CodeIgniter.php(906): App\Controllers\Mahasiswa->__construct()
 2 SYSTEMPATH\CodeIgniter.php(490): CodeIgniter\CodeIgniter->createController()
 3 SYSTEMPATH\CodeIgniter.php(368): CodeIgniter\CodeIgniter->handleRequest(null, Object(Config\Cache), false)
 4 FCPATH\index.php(67): CodeIgniter\CodeIgniter->run()
 5 SYSTEMPATH\Commands\Server\rewrite.php(47): require_once('D:\\semester7\\mobile\\pertemuan2\\OneDrive_1_10-13-2025\\akademik\\public\\index.php')
WARNING - 2025-10-13 05:35:02 --> [DEPRECATED] Creation of dynamic property App\Controllers\Mahasiswa::$validation is deprecated in APPPATH\Controllers\Mahasiswa.php on line 18.
 1 SYSTEMPATH\CodeIgniter.php(906): App\Controllers\Mahasiswa->__construct()
 2 SYSTEMPATH\CodeIgniter.php(490): CodeIgniter\CodeIgniter->createController()
 3 SYSTEMPATH\CodeIgniter.php(368): CodeIgniter\CodeIgniter->handleRequest(null, Object(Config\Cache), false)
 4 FCPATH\index.php(67): CodeIgniter\CodeIgniter->run()
 5 SYSTEMPATH\Commands\Server\rewrite.php(47): require_once('D:\\semester7\\mobile\\pertemuan2\\OneDrive_1_10-13-2025\\akademik\\public\\index.php')
WARNING - 2025-10-13 05:36:05 --> [DEPRECATED] Creation of dynamic property App\Controllers\Mahasiswa::$mdl is deprecated in APPPATH\Controllers\Mahasiswa.php on line 17.
 1 SYSTEMPATH\CodeIgniter.php(906): App\Controllers\Mahasiswa->__construct()
 2 SYSTEMPATH\CodeIgniter.php(490): CodeIgniter\CodeIgniter->createController()
 3 SYSTEMPATH\CodeIgniter.php(368): CodeIgniter\CodeIgniter->handleRequest(null, Object(Config\Cache), false)
 4 FCPATH\index.php(67): CodeIgniter\CodeIgniter->run()
 5 SYSTEMPATH\Commands\Server\rewrite.php(47): require_once('D:\\semester7\\mobile\\pertemuan2\\OneDrive_1_10-13-2025\\akademik\\public\\index.php')
WARNING - 2025-10-13 05:36:05 --> [DEPRECATED] Creation of dynamic property App\Controllers\Mahasiswa::$validation is deprecated in APPPATH\Controllers\Mahasiswa.php on line 18.
 1 SYSTEMPATH\CodeIgniter.php(906): App\Controllers\Mahasiswa->__construct()
 2 SYSTEMPATH\CodeIgniter.php(490): CodeIgniter\CodeIgniter->createController()
 3 SYSTEMPATH\CodeIgniter.php(368): CodeIgniter\CodeIgniter->handleRequest(null, Object(Config\Cache), false)
 4 FCPATH\index.php(67): CodeIgniter\CodeIgniter->run()
 5 SYSTEMPATH\Commands\Server\rewrite.php(47): require_once('D:\\semester7\\mobile\\pertemuan2\\OneDrive_1_10-13-2025\\akademik\\public\\index.php')
WARNING - 2025-10-13 05:36:47 --> [DEPRECATED] Creation of dynamic property App\Controllers\Mahasiswa::$mdl is deprecated in APPPATH\Controllers\Mahasiswa.php on line 17.
 1 SYSTEMPATH\CodeIgniter.php(906): App\Controllers\Mahasiswa->__construct()
 2 SYSTEMPATH\CodeIgniter.php(490): CodeIgniter\CodeIgniter->createController()
 3 SYSTEMPATH\CodeIgniter.php(368): CodeIgniter\CodeIgniter->handleRequest(null, Object(Config\Cache), false)
 4 FCPATH\index.php(67): CodeIgniter\CodeIgniter->run()
 5 SYSTEMPATH\Commands\Server\rewrite.php(47): require_once('D:\\semester7\\mobile\\pertemuan2\\OneDrive_1_10-13-2025\\akademik\\public\\index.php')
WARNING - 2025-10-13 05:36:47 --> [DEPRECATED] Creation of dynamic property App\Controllers\Mahasiswa::$validation is deprecated in APPPATH\Controllers\Mahasiswa.php on line 18.
 1 SYSTEMPATH\CodeIgniter.php(906): App\Controllers\Mahasiswa->__construct()
 2 SYSTEMPATH\CodeIgniter.php(490): CodeIgniter\CodeIgniter->createController()
 3 SYSTEMPATH\CodeIgniter.php(368): CodeIgniter\CodeIgniter->handleRequest(null, Object(Config\Cache), false)
 4 FCPATH\index.php(67): CodeIgniter\CodeIgniter->run()
 5 SYSTEMPATH\Commands\Server\rewrite.php(47): require_once('D:\\semester7\\mobile\\pertemuan2\\OneDrive_1_10-13-2025\\akademik\\public\\index.php')
WARNING - 2025-10-13 05:36:53 --> [DEPRECATED] Creation of dynamic property App\Controllers\Mahasiswa::$mdl is deprecated in APPPATH\Controllers\Mahasiswa.php on line 17.
 1 SYSTEMPATH\CodeIgniter.php(906): App\Controllers\Mahasiswa->__construct()
 2 SYSTEMPATH\CodeIgniter.php(490): CodeIgniter\CodeIgniter->createController()
 3 SYSTEMPATH\CodeIgniter.php(368): CodeIgniter\CodeIgniter->handleRequest(null, Object(Config\Cache), false)
 4 FCPATH\index.php(67): CodeIgniter\CodeIgniter->run()
 5 SYSTEMPATH\Commands\Server\rewrite.php(47): require_once('D:\\semester7\\mobile\\pertemuan2\\OneDrive_1_10-13-2025\\akademik\\public\\index.php')
WARNING - 2025-10-13 05:36:53 --> [DEPRECATED] Creation of dynamic property App\Controllers\Mahasiswa::$validation is deprecated in APPPATH\Controllers\Mahasiswa.php on line 18.
 1 SYSTEMPATH\CodeIgniter.php(906): App\Controllers\Mahasiswa->__construct()
 2 SYSTEMPATH\CodeIgniter.php(490): CodeIgniter\CodeIgniter->createController()
 3 SYSTEMPATH\CodeIgniter.php(368): CodeIgniter\CodeIgniter->handleRequest(null, Object(Config\Cache), false)
 4 FCPATH\index.php(67): CodeIgniter\CodeIgniter->run()
 5 SYSTEMPATH\Commands\Server\rewrite.php(47): require_once('D:\\semester7\\mobile\\pertemuan2\\OneDrive_1_10-13-2025\\akademik\\public\\index.php')
WARNING - 2025-10-13 05:37:02 --> [DEPRECATED] Creation of dynamic property App\Controllers\Mahasiswa::$mdl is deprecated in APPPATH\Controllers\Mahasiswa.php on line 17.
 1 SYSTEMPATH\CodeIgniter.php(906): App\Controllers\Mahasiswa->__construct()
 2 SYSTEMPATH\CodeIgniter.php(490): CodeIgniter\CodeIgniter->createController()
 3 SYSTEMPATH\CodeIgniter.php(368): CodeIgniter\CodeIgniter->handleRequest(null, Object(Config\Cache), false)
 4 FCPATH\index.php(67): CodeIgniter\CodeIgniter->run()
 5 SYSTEMPATH\Commands\Server\rewrite.php(47): require_once('D:\\semester7\\mobile\\pertemuan2\\OneDrive_1_10-13-2025\\akademik\\public\\index.php')
WARNING - 2025-10-13 05:37:02 --> [DEPRECATED] Creation of dynamic property App\Controllers\Mahasiswa::$validation is deprecated in APPPATH\Controllers\Mahasiswa.php on line 18.
 1 SYSTEMPATH\CodeIgniter.php(906): App\Controllers\Mahasiswa->__construct()
 2 SYSTEMPATH\CodeIgniter.php(490): CodeIgniter\CodeIgniter->createController()
 3 SYSTEMPATH\CodeIgniter.php(368): CodeIgniter\CodeIgniter->handleRequest(null, Object(Config\Cache), false)
 4 FCPATH\index.php(67): CodeIgniter\CodeIgniter->run()
 5 SYSTEMPATH\Commands\Server\rewrite.php(47): require_once('D:\\semester7\\mobile\\pertemuan2\\OneDrive_1_10-13-2025\\akademik\\public\\index.php')
WARNING - 2025-10-13 05:40:27 --> [DEPRECATED] Creation of dynamic property App\Controllers\Mahasiswa::$mdl is deprecated in APPPATH\Controllers\Mahasiswa.php on line 17.
 1 SYSTEMPATH\CodeIgniter.php(906): App\Controllers\Mahasiswa->__construct()
 2 SYSTEMPATH\CodeIgniter.php(490): CodeIgniter\CodeIgniter->createController()
 3 SYSTEMPATH\CodeIgniter.php(368): CodeIgniter\CodeIgniter->handleRequest(null, Object(Config\Cache), false)
 4 FCPATH\index.php(67): CodeIgniter\CodeIgniter->run()
 5 SYSTEMPATH\Commands\Server\rewrite.php(47): require_once('D:\\semester7\\mobile\\pertemuan2\\OneDrive_1_10-13-2025\\akademik\\public\\index.php')
WARNING - 2025-10-13 05:40:27 --> [DEPRECATED] Creation of dynamic property App\Controllers\Mahasiswa::$validation is deprecated in APPPATH\Controllers\Mahasiswa.php on line 18.
 1 SYSTEMPATH\CodeIgniter.php(906): App\Controllers\Mahasiswa->__construct()
 2 SYSTEMPATH\CodeIgniter.php(490): CodeIgniter\CodeIgniter->createController()
 3 SYSTEMPATH\CodeIgniter.php(368): CodeIgniter\CodeIgniter->handleRequest(null, Object(Config\Cache), false)
 4 FCPATH\index.php(67): CodeIgniter\CodeIgniter->run()
 5 SYSTEMPATH\Commands\Server\rewrite.php(47): require_once('D:\\semester7\\mobile\\pertemuan2\\OneDrive_1_10-13-2025\\akademik\\public\\index.php')
WARNING - 2025-10-13 05:40:27 --> [DEPRECATED] Creation of dynamic property App\Controllers\Mahasiswa::$mdl is deprecated in APPPATH\Controllers\Mahasiswa.php on line 17.
 1 SYSTEMPATH\CodeIgniter.php(906): App\Controllers\Mahasiswa->__construct()
 2 SYSTEMPATH\CodeIgniter.php(490): CodeIgniter\CodeIgniter->createController()
 3 SYSTEMPATH\CodeIgniter.php(368): CodeIgniter\CodeIgniter->handleRequest(null, Object(Config\Cache), false)
 4 FCPATH\index.php(67): CodeIgniter\CodeIgniter->run()
 5 SYSTEMPATH\Commands\Server\rewrite.php(47): require_once('D:\\semester7\\mobile\\pertemuan2\\OneDrive_1_10-13-2025\\akademik\\public\\index.php')
WARNING - 2025-10-13 05:40:27 --> [DEPRECATED] Creation of dynamic property App\Controllers\Mahasiswa::$validation is deprecated in APPPATH\Controllers\Mahasiswa.php on line 18.
 1 SYSTEMPATH\CodeIgniter.php(906): App\Controllers\Mahasiswa->__construct()
 2 SYSTEMPATH\CodeIgniter.php(490): CodeIgniter\CodeIgniter->createController()
 3 SYSTEMPATH\CodeIgniter.php(368): CodeIgniter\CodeIgniter->handleRequest(null, Object(Config\Cache), false)
 4 FCPATH\index.php(67): CodeIgniter\CodeIgniter->run()
 5 SYSTEMPATH\Commands\Server\rewrite.php(47): require_once('D:\\semester7\\mobile\\pertemuan2\\OneDrive_1_10-13-2025\\akademik\\public\\index.php')
WARNING - 2025-10-13 05:40:38 --> [DEPRECATED] Creation of dynamic property App\Controllers\Mahasiswa::$mdl is deprecated in APPPATH\Controllers\Mahasiswa.php on line 17.
 1 SYSTEMPATH\CodeIgniter.php(906): App\Controllers\Mahasiswa->__construct()
 2 SYSTEMPATH\CodeIgniter.php(490): CodeIgniter\CodeIgniter->createController()
 3 SYSTEMPATH\CodeIgniter.php(368): CodeIgniter\CodeIgniter->handleRequest(null, Object(Config\Cache), false)
 4 FCPATH\index.php(67): CodeIgniter\CodeIgniter->run()
 5 SYSTEMPATH\Commands\Server\rewrite.php(47): require_once('D:\\semester7\\mobile\\pertemuan2\\OneDrive_1_10-13-2025\\akademik\\public\\index.php')
WARNING - 2025-10-13 05:40:38 --> [DEPRECATED] Creation of dynamic property App\Controllers\Mahasiswa::$validation is deprecated in APPPATH\Controllers\Mahasiswa.php on line 18.
 1 SYSTEMPATH\CodeIgniter.php(906): App\Controllers\Mahasiswa->__construct()
 2 SYSTEMPATH\CodeIgniter.php(490): CodeIgniter\CodeIgniter->createController()
 3 SYSTEMPATH\CodeIgniter.php(368): CodeIgniter\CodeIgniter->handleRequest(null, Object(Config\Cache), false)
 4 FCPATH\index.php(67): CodeIgniter\CodeIgniter->run()
 5 SYSTEMPATH\Commands\Server\rewrite.php(47): require_once('D:\\semester7\\mobile\\pertemuan2\\OneDrive_1_10-13-2025\\akademik\\public\\index.php')
WARNING - 2025-10-13 05:40:51 --> [DEPRECATED] Creation of dynamic property App\Controllers\Mahasiswa::$mdl is deprecated in APPPATH\Controllers\Mahasiswa.php on line 17.
 1 SYSTEMPATH\CodeIgniter.php(906): App\Controllers\Mahasiswa->__construct()
 2 SYSTEMPATH\CodeIgniter.php(490): CodeIgniter\CodeIgniter->createController()
 3 SYSTEMPATH\CodeIgniter.php(368): CodeIgniter\CodeIgniter->handleRequest(null, Object(Config\Cache), false)
 4 FCPATH\index.php(67): CodeIgniter\CodeIgniter->run()
 5 SYSTEMPATH\Commands\Server\rewrite.php(47): require_once('D:\\semester7\\mobile\\pertemuan2\\OneDrive_1_10-13-2025\\akademik\\public\\index.php')
WARNING - 2025-10-13 05:40:51 --> [DEPRECATED] Creation of dynamic property App\Controllers\Mahasiswa::$validation is deprecated in APPPATH\Controllers\Mahasiswa.php on line 18.
 1 SYSTEMPATH\CodeIgniter.php(906): App\Controllers\Mahasiswa->__construct()
 2 SYSTEMPATH\CodeIgniter.php(490): CodeIgniter\CodeIgniter->createController()
 3 SYSTEMPATH\CodeIgniter.php(368): CodeIgniter\CodeIgniter->handleRequest(null, Object(Config\Cache), false)
 4 FCPATH\index.php(67): CodeIgniter\CodeIgniter->run()
 5 SYSTEMPATH\Commands\Server\rewrite.php(47): require_once('D:\\semester7\\mobile\\pertemuan2\\OneDrive_1_10-13-2025\\akademik\\public\\index.php')
WARNING - 2025-10-13 05:43:53 --> [DEPRECATED] Creation of dynamic property App\Controllers\Mahasiswa::$mdl is deprecated in APPPATH\Controllers\Mahasiswa.php on line 17.
 1 SYSTEMPATH\CodeIgniter.php(906): App\Controllers\Mahasiswa->__construct()
 2 SYSTEMPATH\CodeIgniter.php(490): CodeIgniter\CodeIgniter->createController()
 3 SYSTEMPATH\CodeIgniter.php(368): CodeIgniter\CodeIgniter->handleRequest(null, Object(Config\Cache), false)
 4 FCPATH\index.php(67): CodeIgniter\CodeIgniter->run()
 5 SYSTEMPATH\Commands\Server\rewrite.php(47): require_once('D:\\semester7\\mobile\\pertemuan2\\OneDrive_1_10-13-2025\\akademik\\public\\index.php')
WARNING - 2025-10-13 05:43:53 --> [DEPRECATED] Creation of dynamic property App\Controllers\Mahasiswa::$validation is deprecated in APPPATH\Controllers\Mahasiswa.php on line 18.
 1 SYSTEMPATH\CodeIgniter.php(906): App\Controllers\Mahasiswa->__construct()
 2 SYSTEMPATH\CodeIgniter.php(490): CodeIgniter\CodeIgniter->createController()
 3 SYSTEMPATH\CodeIgniter.php(368): CodeIgniter\CodeIgniter->handleRequest(null, Object(Config\Cache), false)
 4 FCPATH\index.php(67): CodeIgniter\CodeIgniter->run()
 5 SYSTEMPATH\Commands\Server\rewrite.php(47): require_once('D:\\semester7\\mobile\\pertemuan2\\OneDrive_1_10-13-2025\\akademik\\public\\index.php')
WARNING - 2025-10-13 05:43:58 --> [DEPRECATED] Creation of dynamic property App\Controllers\Mahasiswa::$mdl is deprecated in APPPATH\Controllers\Mahasiswa.php on line 17.
 1 SYSTEMPATH\CodeIgniter.php(906): App\Controllers\Mahasiswa->__construct()
 2 SYSTEMPATH\CodeIgniter.php(490): CodeIgniter\CodeIgniter->createController()
 3 SYSTEMPATH\CodeIgniter.php(368): CodeIgniter\CodeIgniter->handleRequest(null, Object(Config\Cache), false)
 4 FCPATH\index.php(67): CodeIgniter\CodeIgniter->run()
 5 SYSTEMPATH\Commands\Server\rewrite.php(47): require_once('D:\\semester7\\mobile\\pertemuan2\\OneDrive_1_10-13-2025\\akademik\\public\\index.php')
WARNING - 2025-10-13 05:43:58 --> [DEPRECATED] Creation of dynamic property App\Controllers\Mahasiswa::$validation is deprecated in APPPATH\Controllers\Mahasiswa.php on line 18.
 1 SYSTEMPATH\CodeIgniter.php(906): App\Controllers\Mahasiswa->__construct()
 2 SYSTEMPATH\CodeIgniter.php(490): CodeIgniter\CodeIgniter->createController()
 3 SYSTEMPATH\CodeIgniter.php(368): CodeIgniter\CodeIgniter->handleRequest(null, Object(Config\Cache), false)
 4 FCPATH\index.php(67): CodeIgniter\CodeIgniter->run()
 5 SYSTEMPATH\Commands\Server\rewrite.php(47): require_once('D:\\semester7\\mobile\\pertemuan2\\OneDrive_1_10-13-2025\\akademik\\public\\index.php')
WARNING - 2025-10-13 05:44:28 --> [DEPRECATED] Creation of dynamic property App\Controllers\Mahasiswa::$mdl is deprecated in APPPATH\Controllers\Mahasiswa.php on line 17.
 1 SYSTEMPATH\CodeIgniter.php(906): App\Controllers\Mahasiswa->__construct()
 2 SYSTEMPATH\CodeIgniter.php(490): CodeIgniter\CodeIgniter->createController()
 3 SYSTEMPATH\CodeIgniter.php(368): CodeIgniter\CodeIgniter->handleRequest(null, Object(Config\Cache), false)
 4 FCPATH\index.php(67): CodeIgniter\CodeIgniter->run()
 5 SYSTEMPATH\Commands\Server\rewrite.php(47): require_once('D:\\semester7\\mobile\\pertemuan2\\OneDrive_1_10-13-2025\\akademik\\public\\index.php')
WARNING - 2025-10-13 05:44:28 --> [DEPRECATED] Creation of dynamic property App\Controllers\Mahasiswa::$validation is deprecated in APPPATH\Controllers\Mahasiswa.php on line 18.
 1 SYSTEMPATH\CodeIgniter.php(906): App\Controllers\Mahasiswa->__construct()
 2 SYSTEMPATH\CodeIgniter.php(490): CodeIgniter\CodeIgniter->createController()
 3 SYSTEMPATH\CodeIgniter.php(368): CodeIgniter\CodeIgniter->handleRequest(null, Object(Config\Cache), false)
 4 FCPATH\index.php(67): CodeIgniter\CodeIgniter->run()
 5 SYSTEMPATH\Commands\Server\rewrite.php(47): require_once('D:\\semester7\\mobile\\pertemuan2\\OneDrive_1_10-13-2025\\akademik\\public\\index.php')
WARNING - 2025-10-13 06:28:58 --> [DEPRECATED] Creation of dynamic property App\Controllers\Mahasiswa::$mdl is deprecated in APPPATH\Controllers\Mahasiswa.php on line 17.
 1 SYSTEMPATH\CodeIgniter.php(906): App\Controllers\Mahasiswa->__construct()
 2 SYSTEMPATH\CodeIgniter.php(490): CodeIgniter\CodeIgniter->createController()
 3 SYSTEMPATH\CodeIgniter.php(368): CodeIgniter\CodeIgniter->handleRequest(null, Object(Config\Cache), false)
 4 FCPATH\index.php(67): CodeIgniter\CodeIgniter->run()
 5 SYSTEMPATH\Commands\Server\rewrite.php(47): require_once('D:\\semester7\\mobile\\pertemuan2\\OneDrive_1_10-13-2025\\akademik\\public\\index.php')
WARNING - 2025-10-13 06:28:58 --> [DEPRECATED] Creation of dynamic property App\Controllers\Mahasiswa::$validation is deprecated in APPPATH\Controllers\Mahasiswa.php on line 18.
 1 SYSTEMPATH\CodeIgniter.php(906): App\Controllers\Mahasiswa->__construct()
 2 SYSTEMPATH\CodeIgniter.php(490): CodeIgniter\CodeIgniter->createController()
 3 SYSTEMPATH\CodeIgniter.php(368): CodeIgniter\CodeIgniter->handleRequest(null, Object(Config\Cache), false)
 4 FCPATH\index.php(67): CodeIgniter\CodeIgniter->run()
 5 SYSTEMPATH\Commands\Server\rewrite.php(47): require_once('D:\\semester7\\mobile\\pertemuan2\\OneDrive_1_10-13-2025\\akademik\\public\\index.php')
WARNING - 2025-10-13 06:33:03 --> [DEPRECATED] Creation of dynamic property App\Controllers\Mahasiswa::$mdl is deprecated in APPPATH\Controllers\Mahasiswa.php on line 17.
 1 SYSTEMPATH\CodeIgniter.php(906): App\Controllers\Mahasiswa->__construct()
 2 SYSTEMPATH\CodeIgniter.php(490): CodeIgniter\CodeIgniter->createController()
 3 SYSTEMPATH\CodeIgniter.php(368): CodeIgniter\CodeIgniter->handleRequest(null, Object(Config\Cache), false)
 4 FCPATH\index.php(67): CodeIgniter\CodeIgniter->run()
 5 SYSTEMPATH\Commands\Server\rewrite.php(47): require_once('D:\\semester7\\mobile\\pertemuan2\\OneDrive_1_10-13-2025\\akademik\\public\\index.php')
WARNING - 2025-10-13 06:33:03 --> [DEPRECATED] Creation of dynamic property App\Controllers\Mahasiswa::$validation is deprecated in APPPATH\Controllers\Mahasiswa.php on line 18.
 1 SYSTEMPATH\CodeIgniter.php(906): App\Controllers\Mahasiswa->__construct()
 2 SYSTEMPATH\CodeIgniter.php(490): CodeIgniter\CodeIgniter->createController()
 3 SYSTEMPATH\CodeIgniter.php(368): CodeIgniter\CodeIgniter->handleRequest(null, Object(Config\Cache), false)
 4 FCPATH\index.php(67): CodeIgniter\CodeIgniter->run()
 5 SYSTEMPATH\Commands\Server\rewrite.php(47): require_once('D:\\semester7\\mobile\\pertemuan2\\OneDrive_1_10-13-2025\\akademik\\public\\index.php')
WARNING - 2025-10-13 06:33:55 --> [DEPRECATED] Creation of dynamic property App\Controllers\Mahasiswa::$mdl is deprecated in APPPATH\Controllers\Mahasiswa.php on line 17.
 1 SYSTEMPATH\CodeIgniter.php(906): App\Controllers\Mahasiswa->__construct()
 2 SYSTEMPATH\CodeIgniter.php(490): CodeIgniter\CodeIgniter->createController()
 3 SYSTEMPATH\CodeIgniter.php(368): CodeIgniter\CodeIgniter->handleRequest(null, Object(Config\Cache), false)
 4 FCPATH\index.php(67): CodeIgniter\CodeIgniter->run()
 5 SYSTEMPATH\Commands\Server\rewrite.php(47): require_once('D:\\semester7\\mobile\\pertemuan2\\OneDrive_1_10-13-2025\\akademik\\public\\index.php')
WARNING - 2025-10-13 06:33:55 --> [DEPRECATED] Creation of dynamic property App\Controllers\Mahasiswa::$validation is deprecated in APPPATH\Controllers\Mahasiswa.php on line 18.
 1 SYSTEMPATH\CodeIgniter.php(906): App\Controllers\Mahasiswa->__construct()
 2 SYSTEMPATH\CodeIgniter.php(490): CodeIgniter\CodeIgniter->createController()
 3 SYSTEMPATH\CodeIgniter.php(368): CodeIgniter\CodeIgniter->handleRequest(null, Object(Config\Cache), false)
 4 FCPATH\index.php(67): CodeIgniter\CodeIgniter->run()
 5 SYSTEMPATH\Commands\Server\rewrite.php(47): require_once('D:\\semester7\\mobile\\pertemuan2\\OneDrive_1_10-13-2025\\akademik\\public\\index.php')
WARNING - 2025-10-13 06:38:23 --> [DEPRECATED] Creation of dynamic property App\Controllers\Mahasiswa::$mdl is deprecated in APPPATH\Controllers\Mahasiswa.php on line 17.
 1 SYSTEMPATH\CodeIgniter.php(906): App\Controllers\Mahasiswa->__construct()
 2 SYSTEMPATH\CodeIgniter.php(490): CodeIgniter\CodeIgniter->createController()
 3 SYSTEMPATH\CodeIgniter.php(368): CodeIgniter\CodeIgniter->handleRequest(null, Object(Config\Cache), false)
 4 FCPATH\index.php(67): CodeIgniter\CodeIgniter->run()
 5 SYSTEMPATH\Commands\Server\rewrite.php(47): require_once('D:\\semester7\\mobile\\pertemuan2\\OneDrive_1_10-13-2025\\akademik\\public\\index.php')
WARNING - 2025-10-13 06:38:23 --> [DEPRECATED] Creation of dynamic property App\Controllers\Mahasiswa::$validation is deprecated in APPPATH\Controllers\Mahasiswa.php on line 18.
 1 SYSTEMPATH\CodeIgniter.php(906): App\Controllers\Mahasiswa->__construct()
 2 SYSTEMPATH\CodeIgniter.php(490): CodeIgniter\CodeIgniter->createController()
 3 SYSTEMPATH\CodeIgniter.php(368): CodeIgniter\CodeIgniter->handleRequest(null, Object(Config\Cache), false)
 4 FCPATH\index.php(67): CodeIgniter\CodeIgniter->run()
 5 SYSTEMPATH\Commands\Server\rewrite.php(47): require_once('D:\\semester7\\mobile\\pertemuan2\\OneDrive_1_10-13-2025\\akademik\\public\\index.php')
WARNING - 2025-10-13 06:39:44 --> [DEPRECATED] Creation of dynamic property App\Controllers\Mahasiswa::$mdl is deprecated in APPPATH\Controllers\Mahasiswa.php on line 17.
 1 SYSTEMPATH\CodeIgniter.php(906): App\Controllers\Mahasiswa->__construct()
 2 SYSTEMPATH\CodeIgniter.php(490): CodeIgniter\CodeIgniter->createController()
 3 SYSTEMPATH\CodeIgniter.php(368): CodeIgniter\CodeIgniter->handleRequest(null, Object(Config\Cache), false)
 4 FCPATH\index.php(67): CodeIgniter\CodeIgniter->run()
 5 SYSTEMPATH\Commands\Server\rewrite.php(47): require_once('D:\\semester7\\mobile\\pertemuan2\\OneDrive_1_10-13-2025\\akademik\\public\\index.php')
WARNING - 2025-10-13 06:39:44 --> [DEPRECATED] Creation of dynamic property App\Controllers\Mahasiswa::$validation is deprecated in APPPATH\Controllers\Mahasiswa.php on line 18.
 1 SYSTEMPATH\CodeIgniter.php(906): App\Controllers\Mahasiswa->__construct()
 2 SYSTEMPATH\CodeIgniter.php(490): CodeIgniter\CodeIgniter->createController()
 3 SYSTEMPATH\CodeIgniter.php(368): CodeIgniter\CodeIgniter->handleRequest(null, Object(Config\Cache), false)
 4 FCPATH\index.php(67): CodeIgniter\CodeIgniter->run()
 5 SYSTEMPATH\Commands\Server\rewrite.php(47): require_once('D:\\semester7\\mobile\\pertemuan2\\OneDrive_1_10-13-2025\\akademik\\public\\index.php')
WARNING - 2025-10-13 06:39:49 --> [DEPRECATED] Creation of dynamic property App\Controllers\Mahasiswa::$mdl is deprecated in APPPATH\Controllers\Mahasiswa.php on line 17.
 1 SYSTEMPATH\CodeIgniter.php(906): App\Controllers\Mahasiswa->__construct()
 2 SYSTEMPATH\CodeIgniter.php(490): CodeIgniter\CodeIgniter->createController()
 3 SYSTEMPATH\CodeIgniter.php(368): CodeIgniter\CodeIgniter->handleRequest(null, Object(Config\Cache), false)
 4 FCPATH\index.php(67): CodeIgniter\CodeIgniter->run()
 5 SYSTEMPATH\Commands\Server\rewrite.php(47): require_once('D:\\semester7\\mobile\\pertemuan2\\OneDrive_1_10-13-2025\\akademik\\public\\index.php')
WARNING - 2025-10-13 06:39:49 --> [DEPRECATED] Creation of dynamic property App\Controllers\Mahasiswa::$validation is deprecated in APPPATH\Controllers\Mahasiswa.php on line 18.
 1 SYSTEMPATH\CodeIgniter.php(906): App\Controllers\Mahasiswa->__construct()
 2 SYSTEMPATH\CodeIgniter.php(490): CodeIgniter\CodeIgniter->createController()
 3 SYSTEMPATH\CodeIgniter.php(368): CodeIgniter\CodeIgniter->handleRequest(null, Object(Config\Cache), false)
 4 FCPATH\index.php(67): CodeIgniter\CodeIgniter->run()
 5 SYSTEMPATH\Commands\Server\rewrite.php(47): require_once('D:\\semester7\\mobile\\pertemuan2\\OneDrive_1_10-13-2025\\akademik\\public\\index.php')
WARNING - 2025-10-13 06:40:04 --> [DEPRECATED] Creation of dynamic property App\Controllers\Mahasiswa::$mdl is deprecated in APPPATH\Controllers\Mahasiswa.php on line 17.
 1 SYSTEMPATH\CodeIgniter.php(906): App\Controllers\Mahasiswa->__construct()
 2 SYSTEMPATH\CodeIgniter.php(490): CodeIgniter\CodeIgniter->createController()
 3 SYSTEMPATH\CodeIgniter.php(368): CodeIgniter\CodeIgniter->handleRequest(null, Object(Config\Cache), false)
 4 FCPATH\index.php(67): CodeIgniter\CodeIgniter->run()
 5 SYSTEMPATH\Commands\Server\rewrite.php(47): require_once('D:\\semester7\\mobile\\pertemuan2\\OneDrive_1_10-13-2025\\akademik\\public\\index.php')
WARNING - 2025-10-13 06:40:04 --> [DEPRECATED] Creation of dynamic property App\Controllers\Mahasiswa::$validation is deprecated in APPPATH\Controllers\Mahasiswa.php on line 18.
 1 SYSTEMPATH\CodeIgniter.php(906): App\Controllers\Mahasiswa->__construct()
 2 SYSTEMPATH\CodeIgniter.php(490): CodeIgniter\CodeIgniter->createController()
 3 SYSTEMPATH\CodeIgniter.php(368): CodeIgniter\CodeIgniter->handleRequest(null, Object(Config\Cache), false)
 4 FCPATH\index.php(67): CodeIgniter\CodeIgniter->run()
 5 SYSTEMPATH\Commands\Server\rewrite.php(47): require_once('D:\\semester7\\mobile\\pertemuan2\\OneDrive_1_10-13-2025\\akademik\\public\\index.php')
WARNING - 2025-10-13 06:58:19 --> [DEPRECATED] Creation of dynamic property App\Controllers\Mahasiswa::$mdl is deprecated in APPPATH\Controllers\Mahasiswa.php on line 17.
 1 SYSTEMPATH\CodeIgniter.php(906): App\Controllers\Mahasiswa->__construct()
 2 SYSTEMPATH\CodeIgniter.php(490): CodeIgniter\CodeIgniter->createController()
 3 SYSTEMPATH\CodeIgniter.php(368): CodeIgniter\CodeIgniter->handleRequest(null, Object(Config\Cache), false)
 4 FCPATH\index.php(67): CodeIgniter\CodeIgniter->run()
 5 SYSTEMPATH\Commands\Server\rewrite.php(47): require_once('D:\\semester7\\mobile\\pertemuan2\\OneDrive_1_10-13-2025\\akademik\\public\\index.php')
WARNING - 2025-10-13 06:58:19 --> [DEPRECATED] Creation of dynamic property App\Controllers\Mahasiswa::$validation is deprecated in APPPATH\Controllers\Mahasiswa.php on line 18.
 1 SYSTEMPATH\CodeIgniter.php(906): App\Controllers\Mahasiswa->__construct()
 2 SYSTEMPATH\CodeIgniter.php(490): CodeIgniter\CodeIgniter->createController()
 3 SYSTEMPATH\CodeIgniter.php(368): CodeIgniter\CodeIgniter->handleRequest(null, Object(Config\Cache), false)
 4 FCPATH\index.php(67): CodeIgniter\CodeIgniter->run()
 5 SYSTEMPATH\Commands\Server\rewrite.php(47): require_once('D:\\semester7\\mobile\\pertemuan2\\OneDrive_1_10-13-2025\\akademik\\public\\index.php')
WARNING - 2025-10-13 07:00:22 --> [DEPRECATED] Creation of dynamic property App\Controllers\Mahasiswa::$mdl is deprecated in APPPATH\Controllers\Mahasiswa.php on line 17.
 1 SYSTEMPATH\CodeIgniter.php(906): App\Controllers\Mahasiswa->__construct()
 2 SYSTEMPATH\CodeIgniter.php(490): CodeIgniter\CodeIgniter->createController()
 3 SYSTEMPATH\CodeIgniter.php(368): CodeIgniter\CodeIgniter->handleRequest(null, Object(Config\Cache), false)
 4 FCPATH\index.php(67): CodeIgniter\CodeIgniter->run()
 5 SYSTEMPATH\Commands\Server\rewrite.php(47): require_once('D:\\semester7\\mobile\\pertemuan2\\OneDrive_1_10-13-2025\\akademik\\public\\index.php')
WARNING - 2025-10-13 07:00:22 --> [DEPRECATED] Creation of dynamic property App\Controllers\Mahasiswa::$validation is deprecated in APPPATH\Controllers\Mahasiswa.php on line 18.
 1 SYSTEMPATH\CodeIgniter.php(906): App\Controllers\Mahasiswa->__construct()
 2 SYSTEMPATH\CodeIgniter.php(490): CodeIgniter\CodeIgniter->createController()
 3 SYSTEMPATH\CodeIgniter.php(368): CodeIgniter\CodeIgniter->handleRequest(null, Object(Config\Cache), false)
 4 FCPATH\index.php(67): CodeIgniter\CodeIgniter->run()
 5 SYSTEMPATH\Commands\Server\rewrite.php(47): require_once('D:\\semester7\\mobile\\pertemuan2\\OneDrive_1_10-13-2025\\akademik\\public\\index.php')
WARNING - 2025-10-13 07:00:23 --> [DEPRECATED] Creation of dynamic property App\Controllers\Mahasiswa::$mdl is deprecated in APPPATH\Controllers\Mahasiswa.php on line 17.
 1 SYSTEMPATH\CodeIgniter.php(906): App\Controllers\Mahasiswa->__construct()
 2 SYSTEMPATH\CodeIgniter.php(490): CodeIgniter\CodeIgniter->createController()
 3 SYSTEMPATH\CodeIgniter.php(368): CodeIgniter\CodeIgniter->handleRequest(null, Object(Config\Cache), false)
 4 FCPATH\index.php(67): CodeIgniter\CodeIgniter->run()
 5 SYSTEMPATH\Commands\Server\rewrite.php(47): require_once('D:\\semester7\\mobile\\pertemuan2\\OneDrive_1_10-13-2025\\akademik\\public\\index.php')
WARNING - 2025-10-13 07:00:23 --> [DEPRECATED] Creation of dynamic property App\Controllers\Mahasiswa::$validation is deprecated in APPPATH\Controllers\Mahasiswa.php on line 18.
 1 SYSTEMPATH\CodeIgniter.php(906): App\Controllers\Mahasiswa->__construct()
 2 SYSTEMPATH\CodeIgniter.php(490): CodeIgniter\CodeIgniter->createController()
 3 SYSTEMPATH\CodeIgniter.php(368): CodeIgniter\CodeIgniter->handleRequest(null, Object(Config\Cache), false)
 4 FCPATH\index.php(67): CodeIgniter\CodeIgniter->run()
 5 SYSTEMPATH\Commands\Server\rewrite.php(47): require_once('D:\\semester7\\mobile\\pertemuan2\\OneDrive_1_10-13-2025\\akademik\\public\\index.php')
WARNING - 2025-10-13 07:01:31 --> [DEPRECATED] Creation of dynamic property App\Controllers\Mahasiswa::$mdl is deprecated in APPPATH\Controllers\Mahasiswa.php on line 17.
 1 SYSTEMPATH\CodeIgniter.php(906): App\Controllers\Mahasiswa->__construct()
 2 SYSTEMPATH\CodeIgniter.php(490): CodeIgniter\CodeIgniter->createController()
 3 SYSTEMPATH\CodeIgniter.php(368): CodeIgniter\CodeIgniter->handleRequest(null, Object(Config\Cache), false)
 4 FCPATH\index.php(67): CodeIgniter\CodeIgniter->run()
 5 SYSTEMPATH\Commands\Server\rewrite.php(47): require_once('D:\\semester7\\mobile\\pertemuan2\\OneDrive_1_10-13-2025\\akademik\\public\\index.php')
WARNING - 2025-10-13 07:01:31 --> [DEPRECATED] Creation of dynamic property App\Controllers\Mahasiswa::$validation is deprecated in APPPATH\Controllers\Mahasiswa.php on line 18.
 1 SYSTEMPATH\CodeIgniter.php(906): App\Controllers\Mahasiswa->__construct()
 2 SYSTEMPATH\CodeIgniter.php(490): CodeIgniter\CodeIgniter->createController()
 3 SYSTEMPATH\CodeIgniter.php(368): CodeIgniter\CodeIgniter->handleRequest(null, Object(Config\Cache), false)
 4 FCPATH\index.php(67): CodeIgniter\CodeIgniter->run()
 5 SYSTEMPATH\Commands\Server\rewrite.php(47): require_once('D:\\semester7\\mobile\\pertemuan2\\OneDrive_1_10-13-2025\\akademik\\public\\index.php')
WARNING - 2025-10-13 07:01:35 --> [DEPRECATED] Creation of dynamic property App\Controllers\Mahasiswa::$mdl is deprecated in APPPATH\Controllers\Mahasiswa.php on line 17.
 1 SYSTEMPATH\CodeIgniter.php(906): App\Controllers\Mahasiswa->__construct()
 2 SYSTEMPATH\CodeIgniter.php(490): CodeIgniter\CodeIgniter->createController()
 3 SYSTEMPATH\CodeIgniter.php(368): CodeIgniter\CodeIgniter->handleRequest(null, Object(Config\Cache), false)
 4 FCPATH\index.php(67): CodeIgniter\CodeIgniter->run()
 5 SYSTEMPATH\Commands\Server\rewrite.php(47): require_once('D:\\semester7\\mobile\\pertemuan2\\OneDrive_1_10-13-2025\\akademik\\public\\index.php')
WARNING - 2025-10-13 07:01:35 --> [DEPRECATED] Creation of dynamic property App\Controllers\Mahasiswa::$validation is deprecated in APPPATH\Controllers\Mahasiswa.php on line 18.
 1 SYSTEMPATH\CodeIgniter.php(906): App\Controllers\Mahasiswa->__construct()
 2 SYSTEMPATH\CodeIgniter.php(490): CodeIgniter\CodeIgniter->createController()
 3 SYSTEMPATH\CodeIgniter.php(368): CodeIgniter\CodeIgniter->handleRequest(null, Object(Config\Cache), false)
 4 FCPATH\index.php(67): CodeIgniter\CodeIgniter->run()
 5 SYSTEMPATH\Commands\Server\rewrite.php(47): require_once('D:\\semester7\\mobile\\pertemuan2\\OneDrive_1_10-13-2025\\akademik\\public\\index.php')
WARNING - 2025-10-13 07:46:45 --> [DEPRECATED] Creation of dynamic property App\Controllers\Mahasiswa::$mdl is deprecated in APPPATH\Controllers\Mahasiswa.php on line 17.
 1 SYSTEMPATH\CodeIgniter.php(906): App\Controllers\Mahasiswa->__construct()
 2 SYSTEMPATH\CodeIgniter.php(490): CodeIgniter\CodeIgniter->createController()
 3 SYSTEMPATH\CodeIgniter.php(368): CodeIgniter\CodeIgniter->handleRequest(null, Object(Config\Cache), false)
 4 FCPATH\index.php(67): CodeIgniter\CodeIgniter->run()
 5 SYSTEMPATH\Commands\Server\rewrite.php(47): require_once('D:\\semester7\\mobile\\pertemuan2\\OneDrive_1_10-13-2025\\akademik\\public\\index.php')
WARNING - 2025-10-13 07:46:45 --> [DEPRECATED] Creation of dynamic property App\Controllers\Mahasiswa::$validation is deprecated in APPPATH\Controllers\Mahasiswa.php on line 18.
 1 SYSTEMPATH\CodeIgniter.php(906): App\Controllers\Mahasiswa->__construct()
 2 SYSTEMPATH\CodeIgniter.php(490): CodeIgniter\CodeIgniter->createController()
 3 SYSTEMPATH\CodeIgniter.php(368): CodeIgniter\CodeIgniter->handleRequest(null, Object(Config\Cache), false)
 4 FCPATH\index.php(67): CodeIgniter\CodeIgniter->run()
 5 SYSTEMPATH\Commands\Server\rewrite.php(47): require_once('D:\\semester7\\mobile\\pertemuan2\\OneDrive_1_10-13-2025\\akademik\\public\\index.php')
WARNING - 2025-10-13 07:46:45 --> [DEPRECATED] Creation of dynamic property App\Controllers\Mahasiswa::$mdl is deprecated in APPPATH\Controllers\Mahasiswa.php on line 17.
 1 SYSTEMPATH\CodeIgniter.php(906): App\Controllers\Mahasiswa->__construct()
 2 SYSTEMPATH\CodeIgniter.php(490): CodeIgniter\CodeIgniter->createController()
 3 SYSTEMPATH\CodeIgniter.php(368): CodeIgniter\CodeIgniter->handleRequest(null, Object(Config\Cache), false)
 4 FCPATH\index.php(67): CodeIgniter\CodeIgniter->run()
 5 SYSTEMPATH\Commands\Server\rewrite.php(47): require_once('D:\\semester7\\mobile\\pertemuan2\\OneDrive_1_10-13-2025\\akademik\\public\\index.php')
WARNING - 2025-10-13 07:46:45 --> [DEPRECATED] Creation of dynamic property App\Controllers\Mahasiswa::$validation is deprecated in APPPATH\Controllers\Mahasiswa.php on line 18.
 1 SYSTEMPATH\CodeIgniter.php(906): App\Controllers\Mahasiswa->__construct()
 2 SYSTEMPATH\CodeIgniter.php(490): CodeIgniter\CodeIgniter->createController()
 3 SYSTEMPATH\CodeIgniter.php(368): CodeIgniter\CodeIgniter->handleRequest(null, Object(Config\Cache), false)
 4 FCPATH\index.php(67): CodeIgniter\CodeIgniter->run()
 5 SYSTEMPATH\Commands\Server\rewrite.php(47): require_once('D:\\semester7\\mobile\\pertemuan2\\OneDrive_1_10-13-2025\\akademik\\public\\index.php')
