ERROR - 2023-12-25 16:15:09 --> mysqli_sql_exception: Column 'nim' cannot be null in /home2/bamswpmy/api.bamswp.my.id/akademik/system/Database/MySQLi/Connection.php:295
Stack trace:
#0 /home2/bamswpmy/api.bamswp.my.id/akademik/system/Database/MySQLi/Connection.php(295): mysqli->query('INSERT INTO `ma...', 0)
#1 /home2/bamswpmy/api.bamswp.my.id/akademik/system/Database/BaseConnection.php(691): CodeIgniter\Database\MySQLi\Connection->execute('INSERT INTO `ma...')
#2 /home2/bamswpmy/api.bamswp.my.id/akademik/system/Database/BaseConnection.php(605): CodeIgniter\Database\BaseConnection->simpleQuery('INSERT INTO `ma...')
#3 /home2/bamswpmy/api.bamswp.my.id/akademik/system/Database/BaseBuilder.php(2309): CodeIgniter\Database\BaseConnection->query('INSERT INTO `ma...', Array, false)
#4 /home2/bamswpmy/api.bamswp.my.id/akademik/system/Model.php(330): CodeIgniter\Database\BaseBuilder->insert()
#5 /home2/bamswpmy/api.bamswp.my.id/akademik/system/BaseModel.php(782): CodeIgniter\Model->doInsert(Array)
#6 /home2/bamswpmy/api.bamswp.my.id/akademik/system/Model.php(730): CodeIgniter\BaseModel->insert(Array, true)
#7 /home2/bamswpmy/api.bamswp.my.id/akademik/app/Controllers/Mahasiswa.php(51): CodeIgniter\Model->insert(Array)
#8 /home2/bamswpmy/api.bamswp.my.id/akademik/system/CodeIgniter.php(934): App\Controllers\Mahasiswa->create()
#9 /home2/bamswpmy/api.bamswp.my.id/akademik/system/CodeIgniter.php(499): CodeIgniter\CodeIgniter->runController(Object(App\Controllers\Mahasiswa))
#10 /home2/bamswpmy/api.bamswp.my.id/akademik/system/CodeIgniter.php(368): CodeIgniter\CodeIgniter->handleRequest(NULL, Object(Config\Cache), false)
#11 /home2/bamswpmy/api.bamswp.my.id/akademik/index.php(67): CodeIgniter\CodeIgniter->run()
#12 {main}
ERROR - 2023-12-25 16:17:07 --> mysqli_sql_exception: Column 'nim' cannot be null in /home2/bamswpmy/api.bamswp.my.id/akademik/system/Database/MySQLi/Connection.php:295
Stack trace:
#0 /home2/bamswpmy/api.bamswp.my.id/akademik/system/Database/MySQLi/Connection.php(295): mysqli->query('INSERT INTO `ma...', 0)
#1 /home2/bamswpmy/api.bamswp.my.id/akademik/system/Database/BaseConnection.php(691): CodeIgniter\Database\MySQLi\Connection->execute('INSERT INTO `ma...')
#2 /home2/bamswpmy/api.bamswp.my.id/akademik/system/Database/BaseConnection.php(605): CodeIgniter\Database\BaseConnection->simpleQuery('INSERT INTO `ma...')
#3 /home2/bamswpmy/api.bamswp.my.id/akademik/system/Database/BaseBuilder.php(2309): CodeIgniter\Database\BaseConnection->query('INSERT INTO `ma...', Array, false)
#4 /home2/bamswpmy/api.bamswp.my.id/akademik/system/Model.php(330): CodeIgniter\Database\BaseBuilder->insert()
#5 /home2/bamswpmy/api.bamswp.my.id/akademik/system/BaseModel.php(782): CodeIgniter\Model->doInsert(Array)
#6 /home2/bamswpmy/api.bamswp.my.id/akademik/system/Model.php(730): CodeIgniter\BaseModel->insert(Array, true)
#7 /home2/bamswpmy/api.bamswp.my.id/akademik/app/Controllers/Mahasiswa.php(51): CodeIgniter\Model->insert(Array)
#8 /home2/bamswpmy/api.bamswp.my.id/akademik/system/CodeIgniter.php(934): App\Controllers\Mahasiswa->create()
#9 /home2/bamswpmy/api.bamswp.my.id/akademik/system/CodeIgniter.php(499): CodeIgniter\CodeIgniter->runController(Object(App\Controllers\Mahasiswa))
#10 /home2/bamswpmy/api.bamswp.my.id/akademik/system/CodeIgniter.php(368): CodeIgniter\CodeIgniter->handleRequest(NULL, Object(Config\Cache), false)
#11 /home2/bamswpmy/api.bamswp.my.id/akademik/index.php(67): CodeIgniter\CodeIgniter->run()
#12 {main}
ERROR - 2023-12-25 16:17:41 --> mysqli_sql_exception: Column 'nim' cannot be null in /home2/bamswpmy/api.bamswp.my.id/akademik/system/Database/MySQLi/Connection.php:295
Stack trace:
#0 /home2/bamswpmy/api.bamswp.my.id/akademik/system/Database/MySQLi/Connection.php(295): mysqli->query('INSERT INTO `ma...', 0)
#1 /home2/bamswpmy/api.bamswp.my.id/akademik/system/Database/BaseConnection.php(691): CodeIgniter\Database\MySQLi\Connection->execute('INSERT INTO `ma...')
#2 /home2/bamswpmy/api.bamswp.my.id/akademik/system/Database/BaseConnection.php(605): CodeIgniter\Database\BaseConnection->simpleQuery('INSERT INTO `ma...')
#3 /home2/bamswpmy/api.bamswp.my.id/akademik/system/Database/BaseBuilder.php(2309): CodeIgniter\Database\BaseConnection->query('INSERT INTO `ma...', Array, false)
#4 /home2/bamswpmy/api.bamswp.my.id/akademik/system/Model.php(330): CodeIgniter\Database\BaseBuilder->insert()
#5 /home2/bamswpmy/api.bamswp.my.id/akademik/system/BaseModel.php(782): CodeIgniter\Model->doInsert(Array)
#6 /home2/bamswpmy/api.bamswp.my.id/akademik/system/Model.php(730): CodeIgniter\BaseModel->insert(Array, true)
#7 /home2/bamswpmy/api.bamswp.my.id/akademik/app/Controllers/Mahasiswa.php(51): CodeIgniter\Model->insert(Array)
#8 /home2/bamswpmy/api.bamswp.my.id/akademik/system/CodeIgniter.php(934): App\Controllers\Mahasiswa->create()
#9 /home2/bamswpmy/api.bamswp.my.id/akademik/system/CodeIgniter.php(499): CodeIgniter\CodeIgniter->runController(Object(App\Controllers\Mahasiswa))
#10 /home2/bamswpmy/api.bamswp.my.id/akademik/system/CodeIgniter.php(368): CodeIgniter\CodeIgniter->handleRequest(NULL, Object(Config\Cache), false)
#11 /home2/bamswpmy/api.bamswp.my.id/akademik/index.php(67): CodeIgniter\CodeIgniter->run()
#12 {main}
ERROR - 2023-12-25 16:19:05 --> mysqli_sql_exception: Column 'nim' cannot be null in /home2/bamswpmy/api.bamswp.my.id/akademik/system/Database/MySQLi/Connection.php:295
Stack trace:
#0 /home2/bamswpmy/api.bamswp.my.id/akademik/system/Database/MySQLi/Connection.php(295): mysqli->query('INSERT INTO `ma...', 0)
#1 /home2/bamswpmy/api.bamswp.my.id/akademik/system/Database/BaseConnection.php(691): CodeIgniter\Database\MySQLi\Connection->execute('INSERT INTO `ma...')
#2 /home2/bamswpmy/api.bamswp.my.id/akademik/system/Database/BaseConnection.php(605): CodeIgniter\Database\BaseConnection->simpleQuery('INSERT INTO `ma...')
#3 /home2/bamswpmy/api.bamswp.my.id/akademik/system/Database/BaseBuilder.php(2309): CodeIgniter\Database\BaseConnection->query('INSERT INTO `ma...', Array, false)
#4 /home2/bamswpmy/api.bamswp.my.id/akademik/system/Model.php(330): CodeIgniter\Database\BaseBuilder->insert()
#5 /home2/bamswpmy/api.bamswp.my.id/akademik/system/BaseModel.php(782): CodeIgniter\Model->doInsert(Array)
#6 /home2/bamswpmy/api.bamswp.my.id/akademik/system/Model.php(730): CodeIgniter\BaseModel->insert(Array, true)
#7 /home2/bamswpmy/api.bamswp.my.id/akademik/app/Controllers/Mahasiswa.php(51): CodeIgniter\Model->insert(Array)
#8 /home2/bamswpmy/api.bamswp.my.id/akademik/system/CodeIgniter.php(934): App\Controllers\Mahasiswa->create()
#9 /home2/bamswpmy/api.bamswp.my.id/akademik/system/CodeIgniter.php(499): CodeIgniter\CodeIgniter->runController(Object(App\Controllers\Mahasiswa))
#10 /home2/bamswpmy/api.bamswp.my.id/akademik/system/CodeIgniter.php(368): CodeIgniter\CodeIgniter->handleRequest(NULL, Object(Config\Cache), false)
#11 /home2/bamswpmy/api.bamswp.my.id/akademik/public/index.php(67): CodeIgniter\CodeIgniter->run()
#12 {main}
ERROR - 2023-12-25 16:21:41 --> mysqli_sql_exception: Column 'nim' cannot be null in /home2/bamswpmy/api.bamswp.my.id/akademik/system/Database/MySQLi/Connection.php:295
Stack trace:
#0 /home2/bamswpmy/api.bamswp.my.id/akademik/system/Database/MySQLi/Connection.php(295): mysqli->query('INSERT INTO `ma...', 0)
#1 /home2/bamswpmy/api.bamswp.my.id/akademik/system/Database/BaseConnection.php(691): CodeIgniter\Database\MySQLi\Connection->execute('INSERT INTO `ma...')
#2 /home2/bamswpmy/api.bamswp.my.id/akademik/system/Database/BaseConnection.php(605): CodeIgniter\Database\BaseConnection->simpleQuery('INSERT INTO `ma...')
#3 /home2/bamswpmy/api.bamswp.my.id/akademik/system/Database/BaseBuilder.php(2309): CodeIgniter\Database\BaseConnection->query('INSERT INTO `ma...', Array, false)
#4 /home2/bamswpmy/api.bamswp.my.id/akademik/system/Model.php(330): CodeIgniter\Database\BaseBuilder->insert()
#5 /home2/bamswpmy/api.bamswp.my.id/akademik/system/BaseModel.php(782): CodeIgniter\Model->doInsert(Array)
#6 /home2/bamswpmy/api.bamswp.my.id/akademik/system/Model.php(730): CodeIgniter\BaseModel->insert(Array, true)
#7 /home2/bamswpmy/api.bamswp.my.id/akademik/app/Controllers/Mahasiswa.php(51): CodeIgniter\Model->insert(Array)
#8 /home2/bamswpmy/api.bamswp.my.id/akademik/system/CodeIgniter.php(934): App\Controllers\Mahasiswa->create()
#9 /home2/bamswpmy/api.bamswp.my.id/akademik/system/CodeIgniter.php(499): CodeIgniter\CodeIgniter->runController(Object(App\Controllers\Mahasiswa))
#10 /home2/bamswpmy/api.bamswp.my.id/akademik/system/CodeIgniter.php(368): CodeIgniter\CodeIgniter->handleRequest(NULL, Object(Config\Cache), false)
#11 /home2/bamswpmy/api.bamswp.my.id/akademik/public/index.php(67): CodeIgniter\CodeIgniter->run()
#12 {main}
ERROR - 2023-12-25 16:34:37 --> mysqli_sql_exception: Column 'nim' cannot be null in /home2/bamswpmy/api.bamswp.my.id/akademik/system/Database/MySQLi/Connection.php:295
Stack trace:
#0 /home2/bamswpmy/api.bamswp.my.id/akademik/system/Database/MySQLi/Connection.php(295): mysqli->query('INSERT INTO `ma...', 0)
#1 /home2/bamswpmy/api.bamswp.my.id/akademik/system/Database/BaseConnection.php(691): CodeIgniter\Database\MySQLi\Connection->execute('INSERT INTO `ma...')
#2 /home2/bamswpmy/api.bamswp.my.id/akademik/system/Database/BaseConnection.php(605): CodeIgniter\Database\BaseConnection->simpleQuery('INSERT INTO `ma...')
#3 /home2/bamswpmy/api.bamswp.my.id/akademik/system/Database/BaseBuilder.php(2309): CodeIgniter\Database\BaseConnection->query('INSERT INTO `ma...', Array, false)
#4 /home2/bamswpmy/api.bamswp.my.id/akademik/system/Model.php(330): CodeIgniter\Database\BaseBuilder->insert()
#5 /home2/bamswpmy/api.bamswp.my.id/akademik/system/BaseModel.php(782): CodeIgniter\Model->doInsert(Array)
#6 /home2/bamswpmy/api.bamswp.my.id/akademik/system/Model.php(730): CodeIgniter\BaseModel->insert(Array, true)
#7 /home2/bamswpmy/api.bamswp.my.id/akademik/app/Controllers/Mahasiswa.php(51): CodeIgniter\Model->insert(Array)
#8 /home2/bamswpmy/api.bamswp.my.id/akademik/system/CodeIgniter.php(934): App\Controllers\Mahasiswa->create()
#9 /home2/bamswpmy/api.bamswp.my.id/akademik/system/CodeIgniter.php(499): CodeIgniter\CodeIgniter->runController(Object(App\Controllers\Mahasiswa))
#10 /home2/bamswpmy/api.bamswp.my.id/akademik/system/CodeIgniter.php(368): CodeIgniter\CodeIgniter->handleRequest(NULL, Object(Config\Cache), false)
#11 /home2/bamswpmy/api.bamswp.my.id/akademik/public/index.php(67): CodeIgniter\CodeIgniter->run()
#12 {main}
